== Info:   Trying 127.0.0.1...
== Info: TCP_NODELAY set
== Info: Connected to 127.0.0.1 (127.0.0.1) port 10809 (#0)
== Info: allocate connect buffer!
== Info: Establish HTTP proxy tunnel to 18comic.vip:443
=> Send header, 213 bytes (0xd5)
0000: 43 4f 4e 4e 45 43 54 20 31 38 63 6f 6d 69 63 2e CONNECT 18comic.
0010: 76 69 70 3a 34 34 33 20 48 54 54 50 2f 31 2e 31 vip:443 HTTP/1.1
0020: 0d 0a 48 6f 73 74 3a 20 31 38 63 6f 6d 69 63 2e ..Host: 18comic.
0030: 76 69 70 3a 34 34 33 0d 0a 55 73 65 72 2d 41 67 vip:443..User-Ag
0040: 65 6e 74 3a 20 4d 6f 7a 69 6c 6c 61 2f 35 2e 30 ent: Mozilla/5.0
0050: 20 28 57 69 6e 64 6f 77 73 20 4e 54 20 36 2e 31  (Windows NT 6.1
0060: 3b 20 57 69 6e 36 34 3b 20 78 36 34 29 20 41 70 ; Win64; x64) Ap
0070: 70 6c 65 57 65 62 4b 69 74 2f 35 33 37 2e 33 36 pleWebKit/537.36
0080: 20 28 4b 48 54 4d 4c 2c 20 6c 69 6b 65 20 47 65  (KHTML, like Ge
0090: 63 6b 6f 29 20 43 68 72 6f 6d 65 2f 31 30 34 2e cko) Chrome/104.
00a0: 30 2e 30 2e 30 20 53 61 66 61 72 69 2f 35 33 37 0.0.0 Safari/537
00b0: 2e 33 36 0d 0a 50 72 6f 78 79 2d 43 6f 6e 6e 65 .36..Proxy-Conne
00c0: 63 74 69 6f 6e 3a 20 4b 65 65 70 2d 41 6c 69 76 ction: Keep-Aliv
00d0: 65 0d 0a 0d 0a                                  e....
<= Recv header, 37 bytes (0x25)
0000: 48 54 54 50 2f 31 2e 31 20 32 30 30 20 43 6f 6e HTTP/1.1 200 Con
0010: 6e 65 63 74 69 6f 6e 20 65 73 74 61 62 6c 69 73 nection establis
0020: 68 65 64 0d 0a                                  hed..
<= Recv header, 2 bytes (0x2)
0000: 0d 0a                                           ..
== Info: Proxy replied 200 to CONNECT request
== Info: CONNECT phase completed!
== Info: ALPN, offering http/1.1
== Info: Cipher selection: ALL:!EXPORT:!EXPORT40:!EXPORT56:!aNULL:!LOW:!RC4:@STRENGTH
== Info: successfully set certificate verify locations:
== Info:   CAfile: D:/Program Files/Git/mingw64/ssl/certs/ca-bundle.crt
  CApath: none
== Info: TLSv1.2 (OUT), TLS header, Certificate Status (22):
=> Send SSL data, 5 bytes (0x5)
0000: 16 03 01 02 00                                  .....
== Info: TLSv1.2 (OUT), TLS handshake, Client hello (1):
=> Send SSL data, 512 bytes (0x200)
0000: 01 00 01 fc 03 03 8a 45 f8 a9 83 6b 8a 6e e1 e9 .......E...k.n..
0010: f2 f3 79 e7 9a a9 85 7d e3 79 f3 de da 19 5c 2a ..y....}.y....\*
0020: d9 7e 87 82 2b ac 00 00 a0 c0 30 c0 2c c0 28 c0 .~..+.....0.,.(.
0030: 24 c0 14 c0 0a 00 a5 00 a3 00 a1 00 9f 00 6b 00 $.............k.
0040: 6a 00 69 00 68 00 39 00 38 00 37 00 36 00 88 00 j.i.h.9.8.7.6...
0050: 87 00 86 00 85 c0 32 c0 2e c0 2a c0 26 c0 0f c0 ......2...*.&...
0060: 05 00 9d 00 3d 00 35 00 84 c0 2f c0 2b c0 27 c0 ....=.5.../.+.'.
0070: 23 c0 13 c0 09 00 a4 00 a2 00 a0 00 9e 00 67 00 #.............g.
0080: 40 00 3f 00 3e 00 33 00 32 00 31 00 30 00 9a 00 @.?.>.3.2.1.0...
0090: 99 00 98 00 97 00 45 00 44 00 43 00 42 c0 31 c0 ......E.D.C.B.1.
00a0: 2d c0 29 c0 25 c0 0e c0 04 00 9c 00 3c 00 2f 00 -.).%.......<./.
00b0: 96 00 41 00 07 c0 12 c0 08 00 16 00 13 00 10 00 ..A.............
00c0: 0d c0 0d c0 03 00 0a 00 ff 01 00 01 33 00 00 00 ............3...
00d0: 10 00 0e 00 00 0b 31 38 63 6f 6d 69 63 2e 76 69 ......18comic.vi
00e0: 70 00 0b 00 04 03 00 01 02 00 0a 00 1c 00 1a 00 p...............
00f0: 17 00 19 00 1c 00 1b 00 18 00 1a 00 16 00 0e 00 ................
0100: 0d 00 0b 00 0c 00 09 00 0a 00 0d 00 20 00 1e 06 ............ ...
0110: 01 06 02 06 03 05 01 05 02 05 03 04 01 04 02 04 ................
0120: 03 03 01 03 02 03 03 02 01 02 02 02 03 00 0f 00 ................
0130: 01 01 33 74 00 00 00 10 00 0b 00 09 08 68 74 74 ..3t.........htt
0140: 70 2f 31 2e 31 00 15 00 b7 00 00 00 00 00 00 00 p/1.1...........
0150: 00 00 00 00 00 00 00 00 00 00 00 00 00 00 00 00 ................
0160: 00 00 00 00 00 00 00 00 00 00 00 00 00 00 00 00 ................
0170: 00 00 00 00 00 00 00 00 00 00 00 00 00 00 00 00 ................
0180: 00 00 00 00 00 00 00 00 00 00 00 00 00 00 00 00 ................
0190: 00 00 00 00 00 00 00 00 00 00 00 00 00 00 00 00 ................
01a0: 00 00 00 00 00 00 00 00 00 00 00 00 00 00 00 00 ................
01b0: 00 00 00 00 00 00 00 00 00 00 00 00 00 00 00 00 ................
01c0: 00 00 00 00 00 00 00 00 00 00 00 00 00 00 00 00 ................
01d0: 00 00 00 00 00 00 00 00 00 00 00 00 00 00 00 00 ................
01e0: 00 00 00 00 00 00 00 00 00 00 00 00 00 00 00 00 ................
01f0: 00 00 00 00 00 00 00 00 00 00 00 00 00 00 00 00 ................
== Info: CONNECT phase completed!
== Info: CONNECT phase completed!
<= Recv SSL data, 5 bytes (0x5)
0000: 16 03 03 00 6a                                  ....j
== Info: TLSv1.2 (IN), TLS handshake, Server hello (2):
<= Recv SSL data, 106 bytes (0x6a)
0000: 02 00 00 66 03 03 62 9c bb b2 6b 5f 81 21 ba 3c ...f..b...k_.!.<
0010: ba a9 dd 8b bf fc 77 33 e2 17 1e f8 11 e8 44 4f ......w3......DO
0020: 57 4e 47 52 44 01 20 b5 79 ed 90 4d 36 69 2c 7c WNGRD. .y..M6i,|
0030: ff fd 10 ec af 24 ec eb 9c 62 92 34 02 e4 b2 5d .....$...b.4...]
0040: 91 83 a0 49 94 cd c6 c0 2b 00 00 1e 00 00 00 00 ...I....+.......
0050: ff 01 00 01 00 00 0b 00 02 01 00 00 10 00 0b 00 ................
0060: 09 08 68 74 74 70 2f 31 2e 31                   ..http/1.1
<= Recv SSL data, 5 bytes (0x5)
0000: 16 03 03 09 18                                  .....
== Info: TLSv1.2 (IN), TLS handshake, Certificate (11):
<= Recv SSL data, 2328 bytes (0x918)
0000: 0b 00 09 14 00 09 11 00 05 3a 30 82 05 36 30 82 .........:0..60.
0010: 04 dc a0 03 02 01 02 02 10 0b e5 7f bd 1c d3 f5 ...............
0020: b8 4b 39 96 83 fe 5e e4 e4 30 0a 06 08 2a 86 48 .K9...^..0...*.H
0030: ce 3d 04 03 02 30 4a 31 0b 30 09 06 03 55 04 06 .=...0J1.0...U..
0040: 13 02 55 53 31 19 30 17 06 03 55 04 0a 13 10 43 ..US1.0...U....C
0050: 6c 6f 75 64 66 6c 61 72 65 2c 20 49 6e 63 2e 31 loudflare, Inc.1
0060: 20 30 1e 06 03 55 04 03 13 17 43 6c 6f 75 64 66  0...U....Cloudf
0070: 6c 61 72 65 20 49 6e 63 20 45 43 43 20 43 41 2d lare Inc ECC CA-
0080: 33 30 1e 17 0d 32 32 30 35 31 33 30 30 30 30 30 30...22051300000
0090: 30 5a 17 0d 32 33 30 35 31 33 32 33 35 39 35 39 0Z..230513235959
00a0: 5a 30 75 31 0b 30 09 06 03 55 04 06 13 02 55 53 Z0u1.0...U....US
00b0: 31 13 30 11 06 03 55 04 08 13 0a 43 61 6c 69 66 1.0...U....Calif
00c0: 6f 72 6e 69 61 31 16 30 14 06 03 55 04 07 13 0d ornia1.0...U....
00d0: 53 61 6e 20 46 72 61 6e 63 69 73 63 6f 31 19 30 San Francisco1.0
00e0: 17 06 03 55 04 0a 13 10 43 6c 6f 75 64 66 6c 61 ...U....Cloudfla
00f0: 72 65 2c 20 49 6e 63 2e 31 1e 30 1c 06 03 55 04 re, Inc.1.0...U.
0100: 03 13 15 73 6e 69 2e 63 6c 6f 75 64 66 6c 61 72 ...sni.cloudflar
0110: 65 73 73 6c 2e 63 6f 6d 30 59 30 13 06 07 2a 86 essl.com0Y0...*.
0120: 48 ce 3d 02 01 06 08 2a 86 48 ce 3d 03 01 07 03 H.=....*.H.=....
0130: 42 00 04 1c 9c 98 20 30 10 02 57 0b 9d 3f d9 8e B..... 0..W..?..
0140: 06 5b ea f2 27 0b 4b 3c 96 09 f9 89 cc f5 9f f3 .[..'.K<........
0150: 94 01 12 73 68 cf 3f 9f 27 1d c0 98 5d 04 52 4f ...sh.?.'...].RO
0160: 66 38 5f fb dd 96 65 24 bc c0 12 db 0a 8b f4 95 f8_...e$........
0170: 56 1c c9 a3 82 03 77 30 82 03 73 30 1f 06 03 55 V.....w0..s0...U
0180: 1d 23 04 18 30 16 80 14 a5 ce 37 ea eb b0 75 0e .#..0.....7...u.
0190: 94 67 88 b4 45 fa d9 24 10 87 96 1f 30 1d 06 03 .g..E..$....0...
01a0: 55 1d 0e 04 16 04 14 97 1a 9f 17 42 6f 9d b7 ad U..........Bo...
01b0: 3f 84 fc ef 98 21 44 fb f2 e7 b7 30 3c 06 03 55 ?....!D....0<..U
01c0: 1d 11 04 35 30 33 82 0d 2a 2e 31 38 63 6f 6d 69 ...503..*.18comi
01d0: 63 2e 76 69 70 82 0b 31 38 63 6f 6d 69 63 2e 76 c.vip..18comic.v
01e0: 69 70 82 15 73 6e 69 2e 63 6c 6f 75 64 66 6c 61 ip..sni.cloudfla
01f0: 72 65 73 73 6c 2e 63 6f 6d 30 0e 06 03 55 1d 0f ressl.com0...U..
0200: 01 01 ff 04 04 03 02 07 80 30 1d 06 03 55 1d 25 .........0...U.%
0210: 04 16 30 14 06 08 2b 06 01 05 05 07 03 01 06 08 ..0...+.........
0220: 2b 06 01 05 05 07 03 02 30 7b 06 03 55 1d 1f 04 +.......0{..U...
0230: 74 30 72 30 37 a0 35 a0 33 86 31 68 74 74 70 3a t0r07.5.3.1http:
0240: 2f 2f 63 72 6c 33 2e 64 69 67 69 63 65 72 74 2e //crl3.digicert.
0250: 63 6f 6d 2f 43 6c 6f 75 64 66 6c 61 72 65 49 6e com/CloudflareIn
0260: 63 45 43 43 43 41 2d 33 2e 63 72 6c 30 37 a0 35 cECCCA-3.crl07.5
0270: a0 33 86 31 68 74 74 70 3a 2f 2f 63 72 6c 34 2e .3.1http://crl4.
0280: 64 69 67 69 63 65 72 74 2e 63 6f 6d 2f 43 6c 6f digicert.com/Clo
0290: 75 64 66 6c 61 72 65 49 6e 63 45 43 43 43 41 2d udflareIncECCCA-
02a0: 33 2e 63 72 6c 30 3e 06 03 55 1d 20 04 37 30 35 3.crl0>..U. .705
02b0: 30 33 06 06 67 81 0c 01 02 02 30 29 30 27 06 08 03..g.....0)0'..
02c0: 2b 06 01 05 05 07 02 01 16 1b 68 74 74 70 3a 2f +.........http:/
02d0: 2f 77 77 77 2e 64 69 67 69 63 65 72 74 2e 63 6f /www.digicert.co
02e0: 6d 2f 43 50 53 30 76 06 08 2b 06 01 05 05 07 01 m/CPS0v..+......
02f0: 01 04 6a 30 68 30 24 06 08 2b 06 01 05 05 07 30 ..j0h0$..+.....0
0300: 01 86 18 68 74 74 70 3a 2f 2f 6f 63 73 70 2e 64 ...http://ocsp.d
0310: 69 67 69 63 65 72 74 2e 63 6f 6d 30 40 06 08 2b igicert.com0@..+
0320: 06 01 05 05 07 30 02 86 34 68 74 74 70 3a 2f 2f .....0..4http://
0330: 63 61 63 65 72 74 73 2e 64 69 67 69 63 65 72 74 cacerts.digicert
0340: 2e 63 6f 6d 2f 43 6c 6f 75 64 66 6c 61 72 65 49 .com/CloudflareI
0350: 6e 63 45 43 43 43 41 2d 33 2e 63 72 74 30 0c 06 ncECCCA-3.crt0..
0360: 03 55 1d 13 01 01 ff 04 02 30 00 30 82 01 7f 06 .U.......0.0...
0370: 0a 2b 06 01 04 01 d6 79 02 04 02 04 82 01 6f 04 .+.....y......o.
0380: 82 01 6b 01 69 00 76 00 e8 3e d0 da 3e f5 06 35 ..k.i.v..>..>..5
0390: 32 e7 57 28 bc 89 6b c9 03 d3 cb d1 11 6b ec eb 2.W(..k......k..
03a0: 69 e1 77 7d 6d 06 bd 6e 00 00 01 80 bb 2a 3b 61 i.w}m..n.....*;a
03b0: 00 00 04 03 00 47 30 45 02 21 00 ca 40 4c 99 28 .....G0E.!..@L.(
03c0: 2c 98 ab 8e 3c ec eb 29 a0 ef 86 32 34 ef 84 f6 ,...<..)...24...
03d0: 91 66 59 de cd ab c4 e5 0d 49 f7 02 20 0f ea 6d .fY......I.. ..m
03e0: f9 01 1c 92 53 11 a8 b7 a3 17 e1 8a 5f 74 9b 42 ....S......._t.B
03f0: 73 0d c4 5d 08 af 62 1b bc 30 8b 34 42 00 77 00 s..]..b..0.4B.w.
0400: 35 cf 19 1b bf b1 6c 57 bf 0f ad 4c 6d 42 cb bb 5.....lW...LmB..
0410: b6 27 20 26 51 ea 3f e1 2a ef a8 03 c3 3b d6 4c .' &Q.?.*....;.L
0420: 00 00 01 80 bb 2a 3b 7b 00 00 04 03 00 48 30 46 .....*;{.....H0F
0430: 02 21 00 cb c7 61 34 d9 94 fc 06 c7 2a 89 df bf .!...a4.....*...
0440: 31 44 38 7b 72 ed b2 b5 0f 8d 52 30 44 ff 25 ef 1D8{r.....R0D.%.
0450: 89 5a 70 02 21 00 89 23 22 d1 86 bc 4e f2 ca 42 .Zp.!..#"...N..B
0460: 1d e8 ce 18 b6 c2 c9 b5 80 01 d3 59 18 a7 01 4b ...........Y...K
0470: 69 ed cb 46 c1 fc 00 76 00 b3 73 77 07 e1 84 50 i..F...v..sw...P
0480: f8 63 86 d6 05 a9 dc 11 09 4a 79 2d b1 67 0c 0b .c.......Jy-.g..
0490: 87 dc f0 03 0e 79 36 a5 9a 00 00 01 80 bb 2a 3b .....y6.......*;
04a0: 9f 00 00 04 03 00 47 30 45 02 21 00 f5 a6 28 97 ......G0E.!...(.
04b0: 47 8e 73 13 50 f6 15 aa 12 19 3f 87 7d 26 21 57 G.s.P.....?.}&!W
04c0: 23 e7 2e 6e ce 42 5a 69 86 25 e0 95 02 20 1a 3c #..n.BZi.%... .<
04d0: 26 be 18 27 05 8c f7 7e aa d5 5c 37 1a 9d c9 60 &..'...~..\7...`
04e0: 69 ae 5f 3f d1 93 50 c0 4d 9c 1c c6 28 a1 30 0a i._?..P.M...(.0.
04f0: 06 08 2a 86 48 ce 3d 04 03 02 03 48 00 30 45 02 ..*.H.=....H.0E.
0500: 21 00 87 5d 26 29 85 73 d2 f9 a3 93 60 06 2f 14 !..]&).s....`./.
0510: 5e e0 9a ad fa 9d 4b 6f 95 9a 21 23 d8 e0 d0 93 ^.....Ko..!#....
0520: d6 c4 02 20 31 4b a0 e9 01 78 59 df 76 16 e5 b3 ... 1K...xY.v...
0530: 1c b5 5c 4d 2d 03 f2 83 1b 67 c1 93 59 4c fc f4 ..\M-....g..YL..
0540: c4 53 eb 5f 00 03 d1 30 82 03 cd 30 82 02 b5 a0 .S._...0...0....
0550: 03 02 01 02 02 10 0a 37 87 64 5e 5f b4 8c 22 4e .......7.d^_.."N
0560: fd 1b ed 14 0c 3c 30 0d 06 09 2a 86 48 86 f7 0d .....<0...*.H...
0570: 01 01 0b 05 00 30 5a 31 0b 30 09 06 03 55 04 06 .....0Z1.0...U..
0580: 13 02 49 45 31 12 30 10 06 03 55 04 0a 13 09 42 ..IE1.0...U....B
0590: 61 6c 74 69 6d 6f 72 65 31 13 30 11 06 03 55 04 altimore1.0...U.
05a0: 0b 13 0a 43 79 62 65 72 54 72 75 73 74 31 22 30 ...CyberTrust1"0
05b0: 20 06 03 55 04 03 13 19 42 61 6c 74 69 6d 6f 72  ..U....Baltimor
05c0: 65 20 43 79 62 65 72 54 72 75 73 74 20 52 6f 6f e CyberTrust Roo
05d0: 74 30 1e 17 0d 32 30 30 31 32 37 31 32 34 38 30 t0...20012712480
05e0: 38 5a 17 0d 32 34 31 32 33 31 32 33 35 39 35 39 8Z..241231235959
05f0: 5a 30 4a 31 0b 30 09 06 03 55 04 06 13 02 55 53 Z0J1.0...U....US
0600: 31 19 30 17 06 03 55 04 0a 13 10 43 6c 6f 75 64 1.0...U....Cloud
0610: 66 6c 61 72 65 2c 20 49 6e 63 2e 31 20 30 1e 06 flare, Inc.1 0..
0620: 03 55 04 03 13 17 43 6c 6f 75 64 66 6c 61 72 65 .U....Cloudflare
0630: 20 49 6e 63 20 45 43 43 20 43 41 2d 33 30 59 30  Inc ECC CA-30Y0
0640: 13 06 07 2a 86 48 ce 3d 02 01 06 08 2a 86 48 ce ...*.H.=....*.H.
0650: 3d 03 01 07 03 42 00 04 b9 ad 4d 66 99 14 0b 46 =....B....Mf...F
0660: ec 1f 81 d1 2a 50 1e 9d 03 15 2f 34 12 7d 2d 96 ....*P..../4.}-.
0670: b8 88 38 9b 85 5f 8f bf bb 4d ef 61 46 c4 c9 73 ..8.._...M.aF..s
0680: d4 24 4f e0 ee 1c ce 6c b3 51 71 2f 6a ee 4c 05 .$O....l.Qq/j.L.
0690: 09 77 d3 72 62 a4 9b d7 a3 82 01 68 30 82 01 64 .w.rb......h0..d
06a0: 30 1d 06 03 55 1d 0e 04 16 04 14 a5 ce 37 ea eb 0...U........7..
06b0: b0 75 0e 94 67 88 b4 45 fa d9 24 10 87 96 1f 30 .u..g..E..$....0
06c0: 1f 06 03 55 1d 23 04 18 30 16 80 14 e5 9d 59 30 ...U.#..0.....Y0
06d0: 82 47 58 cc ac fa 08 54 36 86 7b 3a b5 04 4d f0 .GX....T6.{:..M.
06e0: 30 0e 06 03 55 1d 0f 01 01 ff 04 04 03 02 01 86 0...U...........
06f0: 30 1d 06 03 55 1d 25 04 16 30 14 06 08 2b 06 01 0...U.%..0...+..
0700: 05 05 07 03 01 06 08 2b 06 01 05 05 07 03 02 30 .......+.......0
0710: 12 06 03 55 1d 13 01 01 ff 04 08 30 06 01 01 ff ...U.......0....
0720: 02 01 00 30 34 06 08 2b 06 01 05 05 07 01 01 04 ...04..+........
0730: 28 30 26 30 24 06 08 2b 06 01 05 05 07 30 01 86 (0&0$..+.....0..
0740: 18 68 74 74 70 3a 2f 2f 6f 63 73 70 2e 64 69 67 .http://ocsp.dig
0750: 69 63 65 72 74 2e 63 6f 6d 30 3a 06 03 55 1d 1f icert.com0:..U..
0760: 04 33 30 31 30 2f a0 2d a0 2b 86 29 68 74 74 70 .3010/.-.+.)http
0770: 3a 2f 2f 63 72 6c 33 2e 64 69 67 69 63 65 72 74 ://crl3.digicert
0780: 2e 63 6f 6d 2f 4f 6d 6e 69 72 6f 6f 74 32 30 32 .com/Omniroot202
0790: 35 2e 63 72 6c 30 6d 06 03 55 1d 20 04 66 30 64 5.crl0m..U. .f0d
07a0: 30 37 06 09 60 86 48 01 86 fd 6c 01 01 30 2a 30 07..`.H...l..0*0
07b0: 28 06 08 2b 06 01 05 05 07 02 01 16 1c 68 74 74 (..+.........htt
07c0: 70 73 3a 2f 2f 77 77 77 2e 64 69 67 69 63 65 72 ps://www.digicer
07d0: 74 2e 63 6f 6d 2f 43 50 53 30 0b 06 09 60 86 48 t.com/CPS0...`.H
07e0: 01 86 fd 6c 01 02 30 08 06 06 67 81 0c 01 02 01 ...l..0...g.....
07f0: 30 08 06 06 67 81 0c 01 02 02 30 08 06 06 67 81 0...g.....0...g.
0800: 0c 01 02 03 30 0d 06 09 2a 86 48 86 f7 0d 01 01 ....0...*.H.....
0810: 0b 05 00 03 82 01 01 00 05 24 1d dd 1b b0 2a eb .........$....*.
0820: 98 d6 85 e3 39 4d 5e 6b 57 9d 82 57 fc eb e8 31 ....9M^kW..W...1
0830: a2 57 90 65 05 be 16 44 38 5a 77 02 b9 cf 10 42 .W.e...D8Zw....B
0840: c6 e1 92 a4 e3 45 27 f8 00 47 2c 68 a8 56 99 53 .....E'..G,h.V.S
0850: 54 8f ad 9e 40 c1 d0 0f b6 d7 0d 0b 38 48 6c 50 T...@.......8HlP
0860: 2c 49 90 06 5b 64 1d 8b cc 48 30 2e de 08 e2 9b ,I..[d...H0.....
0870: 49 22 c0 92 0c 11 5e 96 92 94 d5 fc 20 dc 56 6c I"....^..... .Vl
0880: e5 92 93 bf 7a 1c c0 37 e3 85 49 15 fa 2b e1 74 ....z..7..I..+.t
0890: 39 18 0f b7 da f3 a2 57 58 60 4f cc 8e 94 00 fc 9......WX`O.....
08a0: 46 7b 34 31 3e 4d 47 82 81 3a cb f4 89 5d 0e ef F{41>MG..:...]..
08b0: 4d 0d 6e 9c 1b 82 24 dd 32 25 5d 11 78 51 10 3d M.n...$.2%].xQ.=
08c0: a0 35 23 04 2f 65 6f 9c c1 d1 43 d7 d0 1e f3 31 .5#./eo...C....1
08d0: 67 59 27 dd 6b d2 75 09 93 11 24 24 14 cf 29 be gY'.k.u...$$..).
08e0: e6 23 c3 b8 8f 72 3f e9 07 c8 24 44 53 7a b3 b9 .#...r?...$DSz..
08f0: 61 65 a1 4c 0e c6 48 00 c9 75 63 05 87 70 45 52 ae.L..H..uc..pER
0900: 83 d3 95 9d 45 ea f0 e8 31 1d 7e 09 1f 0a fe 3e ....E...1.~....>
0910: dd aa 3c 5e 74 d2 ac b1                         ..<^t...
<= Recv SSL data, 5 bytes (0x5)
0000: 16 03 03 00 93                                  .....
== Info: TLSv1.2 (IN), TLS handshake, Server key exchange (12):
<= Recv SSL data, 147 bytes (0x93)
0000: 0c 00 00 8f 03 00 17 41 04 80 64 8b 68 41 e9 15 .......A..d.hA..
0010: f1 4e 15 90 25 7c 07 69 0b ae 51 f0 b9 57 7b 43 .N..%|.i..Q..W{C
0020: 70 96 17 81 ce e7 58 29 a0 71 50 1c 77 c8 b7 0f p.....X).qP.w...
0030: 35 72 63 99 39 2d d9 dd 4b a8 b7 8e c7 07 4a 6d 5rc.9-..K.....Jm
0040: 52 6c 4c 5c 9f ed da 4b ea 04 03 00 46 30 44 02 RlL\...K....F0D.
0050: 20 01 9b 6a 97 86 59 1b f2 6c 47 19 86 75 54 72  ..j..Y..lG..uTr
0060: 5b 22 06 8f 83 d1 49 de 37 8b 5f 45 bb eb eb bc ["....I.7._E....
0070: 82 02 20 45 bf a7 d2 47 ac 46 3d 85 78 96 8e 6b .. E...G.F=.x..k
0080: f3 5c 5e 92 3c 0a d2 75 c4 12 7f 40 97 89 25 87 .\^.<..u..@..%.
0090: e7 00 08                                        ...
<= Recv SSL data, 5 bytes (0x5)
0000: 16 03 03 00 04                                  .....
== Info: TLSv1.2 (IN), TLS handshake, Server finished (14):
<= Recv SSL data, 4 bytes (0x4)
0000: 0e 00 00 00                                     ....
=> Send SSL data, 5 bytes (0x5)
0000: 16 03 03 00 46                                  ....F
== Info: TLSv1.2 (OUT), TLS handshake, Client key exchange (16):
=> Send SSL data, 70 bytes (0x46)
0000: 10 00 00 42 41 04 b3 9e df d4 0f 09 91 12 4d 66 ...BA.........Mf
0010: bb 3d f0 93 1b 05 cd 22 7b 31 2e 0b 09 3e 7e 32 .=....."{1...>~2
0020: 47 4a 61 67 82 00 f6 ac 3f 0d 3b 01 87 b9 3a 58 GJag....?.;...:X
0030: 5d 5b 74 e3 ec 10 a2 83 d3 2e 9f 45 31 89 3f 98 ][t........E1.?.
0040: 1e 65 8f fd 49 75                               .e..Iu
=> Send SSL data, 5 bytes (0x5)
0000: 14 03 03 00 01                                  .....
== Info: TLSv1.2 (OUT), TLS change cipher, Client hello (1):
=> Send SSL data, 1 bytes (0x1)
0000: 01                                              .
=> Send SSL data, 5 bytes (0x5)
0000: 16 03 03 00 28                                  ....(
== Info: TLSv1.2 (OUT), TLS handshake, Finished (20):
=> Send SSL data, 16 bytes (0x10)
0000: 14 00 00 0c 88 b5 20 48 aa 05 f8 7f 53 66 1d d7 ...... H...Sf..
<= Recv SSL data, 5 bytes (0x5)
0000: 14 03 03 00 01                                  .....
== Info: TLSv1.2 (IN), TLS change cipher, Client hello (1):
<= Recv SSL data, 1 bytes (0x1)
0000: 01                                              .
<= Recv SSL data, 5 bytes (0x5)
0000: 16 03 03 00 28                                  ....(
== Info: TLSv1.2 (IN), TLS handshake, Finished (20):
<= Recv SSL data, 16 bytes (0x10)
0000: 14 00 00 0c 40 54 32 75 a2 ca cb 6b 39 c0 3e d1 ....@T2u...k9.>.
== Info: SSL connection using TLSv1.2 / ECDHE-ECDSA-AES128-GCM-SHA256
== Info: ALPN, server accepted to use http/1.1
== Info: Server certificate:
== Info:  subject: C=US; ST=California; L=San Francisco; O=Cloudflare, Inc.; CN=sni.cloudflaressl.com
== Info:  start date: May 13 00:00:00 2022 GMT
== Info:  expire date: May 13 23:59:59 2023 GMT
== Info:  subjectAltName: host "18comic.vip" matched cert's "18comic.vip"
== Info:  issuer: C=US; O=Cloudflare, Inc.; CN=Cloudflare Inc ECC CA-3
== Info:  SSL certificate verify ok.
=> Send SSL data, 5 bytes (0x5)
0000: 17 03 03 02 e4                                  .....
=> Send header, 716 bytes (0x2cc)
0000: 47 45 54 20 2f 20 48 54 54 50 2f 31 2e 31 0d 0a GET / HTTP/1.1..
0010: 48 6f 73 74 3a 20 31 38 63 6f 6d 69 63 2e 76 69 Host: 18comic.vi
0020: 70 0d 0a 41 63 63 65 70 74 2d 45 6e 63 6f 64 69 p..Accept-Encodi
0030: 6e 67 3a 20 64 65 66 6c 61 74 65 2c 20 67 7a 69 ng: deflate, gzi
0040: 70 0d 0a 61 75 74 68 6f 72 69 74 79 3a 20 31 38 p..authority: 18
0050: 63 6f 6d 69 63 2e 76 69 70 0d 0a 61 63 63 65 70 comic.vip..accep
0060: 74 3a 20 74 65 78 74 2f 68 74 6d 6c 2c 61 70 70 t: text/html,app
0070: 6c 69 63 61 74 69 6f 6e 2f 78 68 74 6d 6c 2b 78 lication/xhtml+x
0080: 6d 6c 2c 61 70 70 6c 69 63 61 74 69 6f 6e 2f 78 ml,application/x
0090: 6d 6c 3b 71 3d 30 2e 39 2c 69 6d 61 67 65 2f 61 ml;q=0.9,image/a
00a0: 76 69 66 2c 69 6d 61 67 65 2f 77 65 62 70 2c 69 vif,image/webp,i
00b0: 6d 61 67 65 2f 61 70 6e 67 2c 2a 2f 2a 3b 71 3d mage/apng,*/*;q=
00c0: 30 2e 38 2c 61 70 70 6c 69 63 61 74 69 6f 6e 2f 0.8,application/
00d0: 73 69 67 6e 65 64 2d 65 78 63 68 61 6e 67 65 3b signed-exchange;
00e0: 76 3d 62 33 3b 71 3d 30 2e 39 0d 0a 61 63 63 65 v=b3;q=0.9..acce
00f0: 70 74 2d 6c 61 6e 67 75 61 67 65 3a 20 65 6e 0d pt-language: en.
0100: 0a 73 65 63 2d 63 68 2d 75 61 3a 20 22 2f 4e 6f .sec-ch-ua: "/No
0110: 74 29 41 3b 42 72 61 6e 64 22 3b 76 3d 22 32 34 t)A;Brand";v="24
0120: 22 2c 20 22 43 68 72 6f 6d 69 75 6d 22 3b 76 3d ", "Chromium";v=
0130: 22 31 30 34 22 0d 0a 63 6f 6f 6b 69 65 3a 20 69 "104"..cookie: i
0140: 70 63 6f 75 6e 74 72 79 3d 47 42 3b 20 69 70 6d pcountry=GB; ipm
0150: 35 3d 61 30 39 36 61 63 37 62 31 36 35 61 34 38 5=a096ac7b165a48
0160: 31 62 32 36 35 31 31 37 37 33 34 30 61 34 32 35 1b2651177340a425
0170: 66 37 3b 20 41 56 53 3d 75 64 6c 38 35 34 71 64 f7; AVS=udl854qd
0180: 67 63 62 76 61 70 6c 73 72 65 68 63 6c 31 68 61 gcbvaplsrehcl1ha
0190: 32 69 3b 20 73 68 75 6e 74 3d 31 0d 0a 73 65 63 2i; shunt=1..sec
01a0: 2d 63 68 2d 75 61 2d 6d 6f 62 69 6c 65 3a 20 3f -ch-ua-mobile: ?
01b0: 30 0d 0a 73 65 63 2d 63 68 2d 75 61 2d 70 6c 61 0..sec-ch-ua-pla
01c0: 74 66 6f 72 6d 3a 20 22 57 69 6e 64 6f 77 73 22 tform: "Windows"
01d0: 0d 0a 73 65 63 2d 66 65 74 63 68 2d 64 65 73 74 ..sec-fetch-dest
01e0: 3a 20 64 6f 63 75 6d 65 6e 74 0d 0a 73 65 63 2d : document..sec-
01f0: 66 65 74 63 68 2d 6d 6f 64 65 3a 20 6e 61 76 69 fetch-mode: navi
0200: 67 61 74 65 0d 0a 73 65 63 2d 66 65 74 63 68 2d gate..sec-fetch-
0210: 73 69 74 65 3a 20 6e 6f 6e 65 0d 0a 73 65 63 2d site: none..sec-
0220: 66 65 74 63 68 2d 75 73 65 72 3a 20 3f 31 0d 0a fetch-user: ?1..
0230: 75 70 67 72 61 64 65 2d 69 6e 73 65 63 75 72 65 upgrade-insecure
0240: 2d 72 65 71 75 65 73 74 73 3a 20 31 0d 0a 75 73 -requests: 1..us
0250: 65 72 2d 61 67 65 6e 74 3a 20 4d 6f 7a 69 6c 6c er-agent: Mozill
0260: 61 2f 35 2e 30 20 28 57 69 6e 64 6f 77 73 20 4e a/5.0 (Windows N
0270: 54 20 36 2e 31 3b 20 57 69 6e 36 34 3b 20 78 36 T 6.1; Win64; x6
0280: 34 29 20 41 70 70 6c 65 57 65 62 4b 69 74 2f 35 4) AppleWebKit/5
0290: 33 37 2e 33 36 20 28 4b 48 54 4d 4c 2c 20 6c 69 37.36 (KHTML, li
02a0: 6b 65 20 47 65 63 6b 6f 29 20 43 68 72 6f 6d 65 ke Gecko) Chrome
02b0: 2f 31 30 34 2e 30 2e 30 2e 30 20 53 61 66 61 72 /104.0.0.0 Safar
02c0: 69 2f 35 33 37 2e 33 36 0d 0a 0d 0a             i/537.36....
<= Recv SSL data, 5 bytes (0x5)
0000: 17 03 03 05 71                                  ....q
<= Recv header, 24 bytes (0x18)
0000: 48 54 54 50 2f 31 2e 31 20 34 30 33 20 46 6f 72 HTTP/1.1 403 For
0010: 62 69 64 64 65 6e 0d 0a                         bidden..
<= Recv header, 37 bytes (0x25)
0000: 44 61 74 65 3a 20 53 75 6e 2c 20 30 35 20 4a 75 Date: Sun, 05 Ju
0010: 6e 20 32 30 32 32 20 31 34 3a 32 30 3a 33 36 20 n 2022 14:20:36 
0020: 47 4d 54 0d 0a                                  GMT..
<= Recv header, 40 bytes (0x28)
0000: 43 6f 6e 74 65 6e 74 2d 54 79 70 65 3a 20 74 65 Content-Type: te
0010: 78 74 2f 68 74 6d 6c 3b 20 63 68 61 72 73 65 74 xt/html; charset
0020: 3d 55 54 46 2d 38 0d 0a                         =UTF-8..
<= Recv header, 28 bytes (0x1c)
0000: 54 72 61 6e 73 66 65 72 2d 45 6e 63 6f 64 69 6e Transfer-Encodin
0010: 67 3a 20 63 68 75 6e 6b 65 64 0d 0a             g: chunked..
<= Recv header, 19 bytes (0x13)
0000: 43 6f 6e 6e 65 63 74 69 6f 6e 3a 20 63 6c 6f 73 Connection: clos
0010: 65 0d 0a                                        e..
<= Recv header, 18 bytes (0x12)
0000: 43 46 2d 43 68 6c 2d 42 79 70 61 73 73 3a 20 31 CF-Chl-Bypass: 1
0010: 0d 0a                                           ..
<= Recv header, 284 bytes (0x11c)
0000: 50 65 72 6d 69 73 73 69 6f 6e 73 2d 50 6f 6c 69 Permissions-Poli
0010: 63 79 3a 20 61 63 63 65 6c 65 72 6f 6d 65 74 65 cy: acceleromete
0020: 72 3d 28 29 2c 61 75 74 6f 70 6c 61 79 3d 28 29 r=(),autoplay=()
0030: 2c 63 61 6d 65 72 61 3d 28 29 2c 63 6c 69 70 62 ,camera=(),clipb
0040: 6f 61 72 64 2d 72 65 61 64 3d 28 29 2c 63 6c 69 oard-read=(),cli
0050: 70 62 6f 61 72 64 2d 77 72 69 74 65 3d 28 29 2c pboard-write=(),
0060: 66 75 6c 6c 73 63 72 65 65 6e 3d 28 29 2c 67 65 fullscreen=(),ge
0070: 6f 6c 6f 63 61 74 69 6f 6e 3d 28 29 2c 67 79 72 olocation=(),gyr
0080: 6f 73 63 6f 70 65 3d 28 29 2c 68 69 64 3d 28 29 oscope=(),hid=()
0090: 2c 69 6e 74 65 72 65 73 74 2d 63 6f 68 6f 72 74 ,interest-cohort
00a0: 3d 28 29 2c 6d 61 67 6e 65 74 6f 6d 65 74 65 72 =(),magnetometer
00b0: 3d 28 29 2c 6d 69 63 72 6f 70 68 6f 6e 65 3d 28 =(),microphone=(
00c0: 29 2c 70 61 79 6d 65 6e 74 3d 28 29 2c 70 75 62 ),payment=(),pub
00d0: 6c 69 63 6b 65 79 2d 63 72 65 64 65 6e 74 69 61 lickey-credentia
00e0: 6c 73 2d 67 65 74 3d 28 29 2c 73 63 72 65 65 6e ls-get=(),screen
00f0: 2d 77 61 6b 65 2d 6c 6f 63 6b 3d 28 29 2c 73 65 -wake-lock=(),se
0100: 72 69 61 6c 3d 28 29 2c 73 79 6e 63 2d 78 68 72 rial=(),sync-xhr
0110: 3d 28 29 2c 75 73 62 3d 28 29 0d 0a             =(),usb=()..
<= Recv header, 99 bytes (0x63)
0000: 43 61 63 68 65 2d 43 6f 6e 74 72 6f 6c 3a 20 70 Cache-Control: p
0010: 72 69 76 61 74 65 2c 20 6d 61 78 2d 61 67 65 3d rivate, max-age=
0020: 30 2c 20 6e 6f 2d 73 74 6f 72 65 2c 20 6e 6f 2d 0, no-store, no-
0030: 63 61 63 68 65 2c 20 6d 75 73 74 2d 72 65 76 61 cache, must-reva
0040: 6c 69 64 61 74 65 2c 20 70 6f 73 74 2d 63 68 65 lidate, post-che
0050: 63 6b 3d 30 2c 20 70 72 65 2d 63 68 65 63 6b 3d ck=0, pre-check=
0060: 30 0d 0a                                        0..
<= Recv header, 40 bytes (0x28)
0000: 45 78 70 69 72 65 73 3a 20 54 68 75 2c 20 30 31 Expires: Thu, 01
0010: 20 4a 61 6e 20 31 39 37 30 20 30 30 3a 30 30 3a  Jan 1970 00:00:
0020: 30 31 20 47 4d 54 0d 0a                         01 GMT..
<= Recv header, 29 bytes (0x1d)
0000: 58 2d 46 72 61 6d 65 2d 4f 70 74 69 6f 6e 73 3a X-Frame-Options:
0010: 20 53 41 4d 45 4f 52 49 47 49 4e 0d 0a           SAMEORIGIN..
<= Recv header, 100 bytes (0x64)
0000: 45 78 70 65 63 74 2d 43 54 3a 20 6d 61 78 2d 61 Expect-CT: max-a
0010: 67 65 3d 36 30 34 38 30 30 2c 20 72 65 70 6f 72 ge=604800, repor
0020: 74 2d 75 72 69 3d 22 68 74 74 70 73 3a 2f 2f 72 t-uri="https://r
0030: 65 70 6f 72 74 2d 75 72 69 2e 63 6c 6f 75 64 66 eport-uri.cloudf
0040: 6c 61 72 65 2e 63 6f 6d 2f 63 64 6e 2d 63 67 69 lare.com/cdn-cgi
0050: 2f 62 65 61 63 6f 6e 2f 65 78 70 65 63 74 2d 63 /beacon/expect-c
0060: 74 22 0d 0a                                     t"..
<= Recv header, 23 bytes (0x17)
0000: 56 61 72 79 3a 20 41 63 63 65 70 74 2d 45 6e 63 Vary: Accept-Enc
0010: 6f 64 69 6e 67 0d 0a                            oding..
<= Recv header, 20 bytes (0x14)
0000: 53 65 72 76 65 72 3a 20 63 6c 6f 75 64 66 6c 61 Server: cloudfla
0010: 72 65 0d 0a                                     re..
<= Recv header, 30 bytes (0x1e)
0000: 43 46 2d 52 41 59 3a 20 37 31 36 39 38 63 63 35 CF-RAY: 71698cc5
0010: 62 39 63 35 30 31 66 30 2d 5a 52 48 0d 0a       b9c501f0-ZRH..
<= Recv header, 24 bytes (0x18)
0000: 43 6f 6e 74 65 6e 74 2d 45 6e 63 6f 64 69 6e 67 Content-Encoding
0010: 3a 20 67 7a 69 70 0d 0a                         : gzip..
<= Recv header, 2 bytes (0x2)
0000: 0d 0a                                           ..
<= Recv data, 552 bytes (0x228)
0000: 31 61 37 35 0d 0a 1f 8b 08 00 00 00 00 00 00 03 1a75............
0010: c5 7b 69 73 e3 b8 ae e8 f7 fe 15 1c 4f dd 93 a4 .{is........O...
0020: dc 8e 16 ef e9 24 f3 6c 79 df e4 5d b6 cf 9d 4a .....$.ly..]...J
0030: 51 12 25 d1 96 44 99 a2 24 cb 7d fa bf bf 92 97 Q.%..D..$.}.....
0040: c4 4e d2 3d 33 af 4e d5 fb d2 1d 91 00 08 80 00 .N.=3.N.........
0050: 89 85 7e fc ad 26 4b d3 e5 b0 0e 2c e6 d8 cf 5f ..~..&K....,..._
0060: 1e 7f cb 64 fe 8d 0d 60 33 d0 ae 83 e2 9f cf e0 ..d...`3.......
0070: 31 99 00 9a 0d 7d ff 29 e5 92 cc da 07 18 15 00 1....}.)........
0080: b1 75 8c 52 c0 86 ae f9 94 42 6e 66 36 49 3d 83 .u.R.....Bnf6I=.
0090: c7 df fe 8d 5c 1d 1b 7f 66 32 6f a4 4e 74 00 f8 ....\..f2o.Nt..
00a0: 9c 54 f1 9f 91 2a fd 82 54 e9 1f 90 32 d9 89 5a .T...*..T...2..Z
00b0: 32 f0 99 94 1f a9 64 32 d7 94 2c 04 f5 e7 2f 5f 2.....d2..,.../_
00c0: 1e 19 66 36 7a 1e da 08 fa 08 28 10 b3 fb fb 7b ..f6z.....(....{
00d0: f0 1f 20 d9 24 d0 0d 1b 52 f4 c8 1d 41 be 00 f0 .. .$...R...A...
00e0: e5 d1 41 0c 02 cd 82 d4 47 ec 29 35 9b 36 32 a5 ..A.....G.)5.62.
00f0: 14 e0 9e 4f 13 16 63 5e 06 6d 03 1c 3e a5 24 e2 ...O..c^.m..>.$.
0100: 32 e4 b2 cc 34 f6 50 0a 68 c7 af a7 14 43 3b c6 2...4.P.h....C;.
0110: 25 ec 7e 7b 25 f3 2b 2a 8b cc ac 92 91 88 e3 41 %.~{%.+*.......A
0120: 86 55 fb 92 50 bb fe 54 d7 4d 74 81 e7 42 07 3d .U..P..T.Mt..B.=
0130: a5 28 51 09 f3 2f 00 5d 82 5d 1d ed be 02 97 18 .(Q../.].]......
0140: c4 b6 49 f4 01 25 c4 28 f2 08 65 17 48 11 d6 99 ..I..%.(..e.H...
0150: f5 a4 a3 10 6b 28 73 f8 f8 8a 5d cc 30 b4 33 be ....k(s...].0.3.
0160: 06 6d f4 24 1c a9 d8 d8 dd 00 8a ec a7 94 cf 62 .m.$...........b
0170: 1b f9 16 42 2c 05 b0 fe 94 d2 8c 97 e3 50 46 f3 ...B,........PF.
0180: fd 14 b0 28 32 9e 52 9c a6 bb 19 cd c4 dc 71 8a ...(2.R.......q.
0190: d3 8c 7b 44 29 a1 fe fd 01 88 7b 6f c2 e5 3f 9f ..{D).....{o..?.
01a0: 7f be c4 cd db 12 18 25 ab dc fc e5 2a 18 9d 17 ......%....*...
01b0: ba 36 86 03 e0 b3 4a f4 f8 bb 03 a9 89 dd 07 fe .6....J.........
01c0: 9b 07 75 1d bb e6 03 ff e3 f1 48 e8 f9 cb 97 0b ..u.......H.....
01d0: 03 44 09 7f 02 7f 32 c1 2f 8f be 46 b1 c7 12 2b .D..2./..F...+
01e0: c1 06 b8 fd cd 85 21 36 21 23 f4 5e 23 64 83 51 ......!6!#.^#d.Q
01f0: dd 85 aa 8d f4 3b f0 fd 4b e2 01 11 76 75 12 dd .....;..K...vu..
0200: 43 5d af 87 c8 65 3d ec 33 e4 22 7a 7b 53 93 fb C]...e=.3."z{S..
0210: 27 cb e9 11 a8 23 fd e6 2b 30 02 57 63 98 b8 e0 '....#..+0.Wc...
0220: f6 8c 0d 40 08 29 38 11                         ...@.)8.
<= Recv SSL data, 5 bytes (0x5)
0000: 17 03 03 05 71                                  ....q
<= Recv data, 1369 bytes (0x559)
0000: b6 c1 13 d0 89 16 38 c8 65 f7 26 62 75 1b 25 7f ......8.e.&bu.%
0010: 56 e3 b6 7e 7b 73 84 c9 40 1b 51 76 73 f7 ed 84 V..~{s..@.Qvs...
0020: 7d c6 bc 3f c8 75 af 63 df b3 61 0c 9e c0 8d 6a }..?.u.c..a....j
0030: 13 6d 73 73 84 fb 71 f7 05 80 1f 5f 1e b9 b3 68 .mss..q...._...h
0040: 1f 9c e8 cb 01 ee 42 74 00 38 ee f1 b7 7f 4b b5 ......Bt.8...K.
0050: ca b4 f2 ef c3 f7 ed 99 fb db bb 33 ef 27 d9 5f ...........3.'._
0060: 34 e3 45 b3 ec 17 e2 b1 a7 f3 14 00 5a d8 d6 1f 4.E.........Z...
0070: 40 4a 4c 7d 7d 1b 4a 5c e8 01 a4 1c e8 42 13 e9 @JL}}.J\.....B..
0080: 97 33 03 12 b8 5a 32 57 2e 14 73 d9 cb 99 31 8c .3...Z2W..s...1.
0090: 1f 40 aa 28 14 ca 25 4d cb ab 65 2d cf 0b 06 7f .@.(..%M..e-...
00a0: 09 d1 82 be f5 00 52 46 4e e0 0b 7c 19 e5 8b 45 ......RFN..|...E
00b0: 5d 10 f2 97 10 b3 61 bf 36 dd 3c 80 d4 ff 72 7f ].....a.6.<...r
00c0: bc 9c d9 65 9b a7 76 20 4c 9b 43 d1 aa 7b 4c f2 ...e..v L.C..{L.
00d0: 46 bb d9 20 c2 0e dd 35 1b 5e 6b 2b 3a 8d dc a6 F.. ...5.^k+:...
00e0: af d5 d6 32 5f 1b 74 dd 7e 46 28 e4 73 b9 6c a9 ...2_.t.~F(.s.l.
00f0: 94 2d 64 f8 8c 09 07 b1 d6 dc 0f aa c5 2b 4e 1a .-d..........+N.
0100: 43 25 7c 00 29 f3 4a e6 29 76 50 df 7f 00 29 81 C%|.).J.)vP..).
0110: e7 af a0 7b ec 01 a4 dc 2b 59 b7 0f e0 4d 83 00 ...{....+Y...M..
0120: d0 e0 01 a4 60 6b cc 6b ad 7e a1 17 97 76 72 73 ....`k.k.~...vrs
0130: 10 aa 8a bd ee b9 2b 4f 93 4a 4f 17 c8 00 50 f8 ......+O.JO...P.
0140: 00 52 53 a5 5c 80 ca ce 5f 4e 4a 42 6f 5d 31 bb .RS.\..._NJBo]1.
0150: 0d dd 53 9d 71 a8 67 fb e6 d4 1e 99 03 9c db c9 ..S.q.g.........
0160: 71 75 01 95 9c 38 a8 f9 26 aa 2d f9 ee a4 5a d5 qu...8..&.-...Z.
0170: 5a 55 7f 35 d7 ed e5 86 79 ba 54 12 fa 7b 2d e8 ZU5....y.T..{-.
0180: ef 97 66 b7 ce da f3 ba d0 ef 49 55 1f 2a cc 6e ..f.......IU.*.n
0190: d7 75 7b 29 b2 b0 3b a9 d6 60 ab 13 aa ca 2c ec .u{)..;..`....,.
01a0: 4f 2b 7c 6f 5d 09 fa 52 2e 6a 37 06 d6 ca 69 c4 O+|o]..R.j7...i.
01b0: 70 f2 4a e3 1d 97 ce 03 48 8d f9 f9 ec 6a 34 31 p.J.....H....j41
01c0: 95 18 8a f9 3d 6d 2e c2 45 3d ee a3 92 ee f4 83 ....=m..E=......
01d0: b1 1e ac d6 8b 66 a5 c7 35 a2 6e 4e 4a 0f 8b e3 .....f..5.nNJ...
01e0: 5a 90 a5 94 90 69 7a 37 2a ac 9d b9 d4 8a 1a fd Z....iz7*.......
01f0: d0 ec 7b ca c4 51 1c 2e 18 98 8b 60 8e 72 ad dc ..{..Q.....`.r..
0200: 90 69 f3 30 eb 52 bf 5d 6c ed 27 8e a1 35 d3 74 .i.0.R.]l.'..5.t
0210: 15 2c 9b 5b 77 15 14 66 9c ef 54 b8 3e e7 4e c3 .,.[w..f..T.>.N.
0220: c1 08 e5 65 c1 92 5a 1c d2 d6 bb d9 ac b9 5c 86 ...e..Z.......\.
0230: 39 69 a7 4e ad 3e b1 64 65 34 29 b9 ed d6 74 5e 9i.N.>.de4)...t^
0240: 6e 16 d7 c1 12 e1 e2 a8 08 55 b1 16 db 91 5d 16 n........U....].
0250: 46 3a 19 b8 55 bb bb d2 7c 39 2e d5 9d 49 6d 21 F:..U...|9...Im!
0260: b7 2b d0 b2 10 e9 78 d3 70 55 25 4a 25 3f 0b a4 .+....x.pU%J%?..
0270: ac 6c ed a3 8a 51 f7 e5 46 67 af 63 a2 6f e0 be .l...Q..Fg.c.o..
0280: 22 21 a7 56 18 f5 6b 81 b7 d8 4d 62 6f 8e 26 54 "!.V..k...Mbo.&T
0290: b1 c4 d0 e0 61 79 b7 5a d4 da d3 e5 6e b5 85 c5 ....ay.Z....n...
02a0: 39 66 05 ce e2 bd 5d 95 5b f2 3b b1 bc cd 2b ea 9f....].[.;...+.
02b0: 36 37 e3 f7 ed c0 9e 4c d5 6c df 76 b3 46 a7 b3 67.....L.l.v.F..
02c0: 9b d7 68 c3 20 3d 35 d7 08 72 9d ed 60 0b 57 cd ..h. =5..r..`.W.
02d0: a1 c3 87 66 be a8 5a 1c c6 9a a2 0b 4e 98 ed e3 ...f..Z.....N...
02e0: 5a 67 d8 ea 52 a8 12 d7 e4 8b 8b 11 b4 b8 79 7d Zg..R.........y}
02f0: 38 ac 56 97 5a 79 50 4f ef 3c 3e d0 c4 32 35 76 8.V.ZyPO.<>..25v
0300: 3d d8 5a ee fa b5 55 5f f0 fb 1c e9 ca 25 2e da =.Z...U_.....%..
0310: a2 ba e3 79 f1 a4 ca 8d c5 79 76 13 6a a2 6a f2 ...y.....yv.j.j.
0320: 33 a1 5c 6e 16 27 3d 79 1e d8 e2 7a bd ab 78 15 3.\n.'=y...z..x.
0330: 52 4d 17 26 12 35 36 75 c3 68 49 51 cd e2 73 d2 RM.&.56u.hIQ..s.
0340: 2c ac e0 dc c2 9c ae 56 9d b8 4c 76 9c c8 67 3b ,......V..Lv..g;
0350: 81 e3 8b b8 3d ec ec 64 36 40 5d 66 6b 25 67 23 ....=..d6@]fk%g#
0360: cc 8d dc d0 28 92 8a b5 90 ec 81 ee 54 da e3 c0 ....(.......T...
0370: dc 76 d2 e9 d5 4a 4a d7 42 ae 9d db 97 9d bc 30 .v...JJ.B......0
0380: d8 b8 5a 5e c9 09 78 8d 1b 34 3f c2 ad 92 3c d6 ..Z^..x..4?...<.
0390: 44 7b 35 92 07 4a 75 db 9b 96 ed c2 d6 c3 92 e6 D{5..Ju.........
03a0: 92 41 34 f4 0b e6 cc 0c ab c8 6c d8 74 34 9b 78 .A4.......l.t4.x
03b0: 2d af 64 2f b7 ad 49 b8 c8 f2 ae e9 d3 5c b1 6d -.d/..I......\.m
03c0: 88 42 14 66 ed 3c 3f 89 0d 9b 5f 6d 6d 2a 6c 58 .B.f.<?..._mm*lX
03d0: b8 dc 35 37 78 37 d3 06 96 3b 1c e9 15 85 14 c4 ..57x7...;......
03e0: 85 5b a8 46 be 6d c8 d1 5a 69 0f e5 40 f7 2a ee .[.F.m..Zi..@.*.
03f0: 56 b7 2c cb 5f 5e 19 74 e2 db fd e9 52 18 d4 46 V.,._^.t....R..F
0400: 7b b9 66 ee 13 bf eb af fb 51 bf 56 b9 f6 87 c4 {.f......Q.V....
0410: 1d a2 ed 3e 8b cd 1a 55 37 01 4f 97 a3 a0 60 a6 ...>...U7.O...`.
0420: 2b c3 3e 19 3b db c2 24 37 d0 77 18 6d 24 4c 71 +.>.;..$7.w.m$Lq
0430: 25 52 c9 35 32 16 1e 40 2a 1b d6 ad c5 ac 31 b0 %R.52..@*.....1.
0440: b9 51 79 eb ae 46 f1 3c 3b 1a 46 4f ef 20 c5 07 .Qy..F.<;.FO. ..
0450: 90 92 3a 7c c8 b2 62 dc c8 8e f4 7d ba 9c 1e a7 ..:|..b....}....
0460: b3 95 71 e5 1d e4 3e 39 4c a7 c3 d2 bc d5 ed b0 ..q...>9L.......
0470: cd 8a f3 43 d6 aa c6 9d 05 8b 47 0a a7 4e 73 54 ...C......G..NsT
0480: ce 3a cb ea 56 55 4a e3 d2 8a b6 df 89 13 24 d8 .:..VUJ.......$.
0490: c5 85 c4 07 6b e2 94 96 2d b2 e9 fa fb 96 3b 8a ....k...-.....;.
04a0: 6b 58 a0 8e 94 cb f5 8b ed a5 e9 9a 78 d0 da 0c kX..........x...
04b0: d3 ab 77 d8 56 82 3d ee e4 4c a1 ee 49 a3 7d 5f ..w.V.=..L..I.}_
04c0: e5 07 78 b7 1d 96 1d b2 de 95 06 c3 d6 a8 45 84 ..x...........E.
04d0: bd 37 95 a2 46 77 e1 c0 51 fd 12 fb c7 e9 af 1f .7..Fw..Q.......
04e0: a7 4b ef f6 ee 74 4d 72 dc 9f 7f 1e ef b4 b7 1b .K...tMr.......
04f0: f0 1c 29 7c 01 e0 77 cd c8 44 14 7a 1e a2 e0 77 ..)|..w..D.z...w
0500: df c3 ae 8b 28 f8 7e 08 95 1e 0a 65 6f f7 0d 9c ....(.~....eo...
0510: 22 09 00 60 c0 c8 b7 1f ef 71 34 23 e3 1d a2 ce "..`.....q4#....
0520: 4c 04 31 fb 9e 04 86 19 68 63 d3 7d d0 90 cb 10 L.1.....hc.}....
0530: 4d 10 ee 21 63 14 ab c1 e1 fa 3f 85 26 19 46 bc M..!c.....?.&.F.
0540: 07 90 15 bd dd 81 e6 bd 1a a8 aa 8d 7c f0 1d a8 ............|...
0550: 50 db 98 94 04 ae 9e d1 88                      P........
<= Recv SSL data, 5 bytes (0x5)
0000: 17 03 03 05 71                                  ....q
<= Recv data, 1369 bytes (0x559)
0000: 4d e8 03 f8 dd c8 97 44 91 ff 06 8e 7c 89 7c c2 M......D....|.|.
0010: 97 85 b0 69 b1 07 70 fc 3a 71 99 90 03 2a a1 3a ...i..p.:q...*.:
0020: a2 19 0a 75 1c f8 0f 02 cf ff cf 37 70 0a 0e 1e ...u.......7p...
0030: b0 6b 63 17 65 0e 01 c2 37 f0 51 1a 0b da 36 72 .kc.e...7.Q...6r
0040: 4d 94 31 08 75 c0 77 70 0a 9f 0e dc 8a f9 84 fa M.1.u.wp........
0050: 79 44 25 8c 11 e7 34 78 26 64 69 d0 63 9a 05 33 yD%...4x&di.c..3
0060: 49 08 0a f1 41 99 e0 83 4e be fd 02 1c 1b 14 3a I...A...N......:
0070: 08 7c 7f e5 18 5c b1 9c 60 fe 9f 0d 8a 0f 50 3e .|..\..`.....P>
0080: 30 a0 8e e8 61 e3 bf 03 fe 7f c0 77 e2 41 0d b3 0...a.....w.A..
0090: f8 01 f0 f7 e2 b7 1f 20 7f 35 26 dc f3 df 7e 80 ....... 5&...~.
00a0: 44 1f 1f 00 3f db d6 b7 1d b9 34 87 03 03 99 08 D...?.....4.....
00b0: a9 1b cc 32 ef 19 f9 ef 30 71 5e f8 f9 d2 2a a0 ...2....0q^...*.
00c0: 8b 1d 98 18 d0 c3 69 2d e1 be e0 03 ec 1a 49 40 ......i-......I@
00d0: 8f be fd 1c f7 c1 65 56 46 b3 b0 ad df 8a 77 97 ......eVF.....w.
00e0: 84 32 3a 3a e8 f7 5e f4 ff 1e 7a f6 73 f4 5c 82 .2::..^...z.s.\.
00f0: fe 1a 5c 3f 72 c7 94 ec 31 09 c3 13 0f 7b d4 71 ..\?r...1....{.q
0100: 78 4a 25 ce ea 4d 9d 1c 32 99 39 a5 7b 9a 71 8c xJ%..M..2.9.{.q.
0110: 6e c1 f9 8f cc 21 d6 4f 3e 4f c1 ef e1 fb 94 94 n....!.O>O......
0120: 5c 84 c3 29 a0 43 06 33 8c 42 d7 b7 21 43 49 b2 \..).C.3.B..!CI.
0130: 98 c4 e8 2f 47 20 3f 75 4e 0a 8f c3 a7 a0 d9 bf .../G ?uN.......
0140: 7f e4 74 1c 5e f0 71 e2 f0 b0 4a 46 47 0c 62 3b .t.^.q...JFG.b;
0150: 49 bf 5e b9 bb 9a 78 27 c8 07 51 ce 66 94 98 38 I.^...x'..Q.f..8
0160: 3a ec d6 2b 05 12 22 9a 64 6a af a8 af 47 d8 a3 :..+..".dj...G..
0170: 25 7c 90 e5 14 2c bf bc fa e5 4b 42 2f f1 87 57 %|...,....KB/..W
0180: b9 a2 63 b2 fb c8 59 c2 f3 05 2d f1 82 1d 3f 50 ..c...Y...-...?P
0190: df d0 1e 7d 0f ba bf 58 08 69 1b ec 9a 2f 8e 6f ...}...X.i.../.o
01a0: a6 9e 15 04 20 45 e0 3c 08 62 12 50 a0 52 12 f9 .... E.<.b.P.R..
01b0: 88 1e d6 4c 68 3d 03 a1 a4 11 07 6b f7 21 f6 1e ...Lh=.....k.!..
01c0: 39 4b 7c 27 d9 85 a6 df c6 ae f5 e5 a3 63 6a 94 9K|'.........cj.
01d0: e8 0b 9b 96 9d 9c 6c 87 ad 7f 7f 3c a4 2e 44 fc ......l..<..D.
01e0: 54 e5 17 00 1f 40 34 62 07 8e eb 03 16 91 2b b0 T....@4b......+.
01f0: 9f 00 be 83 b9 fa f8 80 f2 ca 76 06 bb 21 a2 3e ..........v..!.>
0200: 4a d8 4f ce d0 8c cf a0 b6 41 fa 3b 6a 07 12 87 J.O......A.;j...
0210: 33 f6 4c e3 fa e4 3d ed c7 e1 e3 64 f4 57 00 29 3.L...=....d.W.)
0220: 00 0f 2a 7b 4a 5d 24 35 c6 7f 2d ad 01 0e 62 16 ..*{J]$5.-...b.
0230: d1 9f 52 43 79 32 4d 01 e4 6a 2c f6 d0 53 0a 7a ..RCy2M..j,..S.z
0240: 9e 8d b5 83 ff 73 bb 4c 14 45 47 19 03 6a 23 57 .....s.L.EG..j#W
0250: 23 fa ab 98 67 97 ba b9 be 1e 6f ae fc 25 99 3f #...g.....o..%.?
0260: 5d b9 37 ef f6 f5 e4 8d a7 33 e8 17 bb f5 0a 71 ].7......3.....q
0270: 65 65 ff 7d b8 ab cf eb 0f ef 83 33 1d 25 7e 49 ee.}.......3.%~I
0280: 24 3e 57 51 32 27 41 2f b5 f1 ea c2 3e 83 ae 0e $>WQ2'A/....>...
0290: d4 f8 2b 88 2c 6c 23 10 fd 95 db 79 bf 58 9c 22 ..+.,l#....y.X."
02a0: 1d d3 c4 9f 5c f3 c3 e2 57 73 87 03 fb 29 75 be ....\...Ws...)u.
02b0: 67 5d 92 9c 0e e3 37 88 77 2b 9d 65 7e c4 ae 17 g]....7.w+.e~...
02c0: 30 70 b4 07 0b eb 3a 72 53 a7 0a 94 a3 a7 40 08 0p....:rS.....@.
02d0: ed 00 3d a5 1a 7d bb 58 29 54 c3 51 6b ce 0f 84 ..=..}.X)T.Qk...
02e0: 95 de 99 33 71 94 c7 f8 65 6e c7 53 bb d3 9c 18 ...3q...en.S....
02f0: e3 35 24 7a 85 8d f8 6b 2b ac cc 77 2b 3f 8c 54 .5$z...k+..w+?.T
0300: a5 36 72 54 21 2f 6c d1 50 88 5b 96 5a 18 4c 24 .6rT!/l.P.[.Z.L$
0310: 09 15 bb ce 00 15 1c fb 65 4c 82 51 b9 b3 2b 66 ........eL.Q..+f
0320: 47 8d a1 9f 5b 61 61 23 17 07 db cc 4a 1a e4 16 G...[aa#....J...
0330: 2f 78 15 0e e2 a6 19 d6 5c be e4 8c 8b ae ec b5 /x......\.......
0340: 88 ba 69 d2 72 b7 d7 6c a3 b9 b3 6c 9a 46 8e 4d ..i.r..l...l.F.M
0350: b7 41 50 11 e0 c0 98 f1 81 32 09 fc 6e 38 d5 6a .AP......2..n8.j
0360: ba 3b cc 93 f5 cc da 10 86 a8 18 a1 70 2d ac 33 .;..........p-.3
0370: 24 df 5a cd 0c 32 27 5d b5 50 ad 28 d1 bc cb d6 $.Z..2'].P.(....
0380: 1b 57 d5 26 db cd dc a3 b3 85 d4 10 bb ca 80 d0 .W.&............
0390: 61 59 20 7c 6c 94 57 db 4a df 34 57 33 8d cd 79 aY |l.W.J.4W3..y
03a0: b9 9d a9 ab e5 16 e9 8b 74 63 65 76 6d 26 2c 9a ........tcevm&,.
03b0: c5 96 b8 1e 0a ae 50 1c f3 46 4b cf ce 57 0e 3f ......P..FK..W.?
03c0: 9f 2b f1 54 72 17 d9 71 58 15 aa b9 4d a8 8e fa .+.Tr..qX...M...
03d0: fb 58 08 d7 25 a5 eb f6 8c f1 a2 66 57 89 d7 2a .X..%......fW..*
03e0: 4f 34 cf 9e 15 e0 e4 65 18 1b f5 4e 76 eb 37 04 O4.....e...Nv.7.
03f0: 73 d0 ed 10 d6 71 dd 72 66 59 6f cc 8c 17 b4 5e s....q.rfYo....^
0400: 6a b5 2a ff 02 d9 76 68 ab c5 82 83 76 2e 51 60 j.*...vh....v.Q`
0410: b4 d8 d5 2a dd 09 b6 e2 cd b0 e1 15 16 31 81 39 ...*.........1.9
0420: b7 e0 b4 42 b1 d8 dc ea b1 22 36 48 77 a1 e8 9b ...B....."6Hw...
0430: 5a 6b f8 d2 9c 0a da ac 4d 56 db 62 d4 c3 4e 40 Zk......MV.b..N@
0440: 4b dd ca b4 d3 93 e6 3d 8f 8d c4 65 dc ec 6d 0b K......=...e..m.
0450: db 9d 2a 89 52 69 e3 36 c7 83 61 d4 1c 56 15 1f ..*.Ri.6..a..V..
0460: 75 3a 58 1a 9a 83 e1 ca 62 ca 74 a4 7b a4 aa ab u:X.....b.t.{...
0470: ab 97 6d 7d 4e 83 cc b0 6e 38 b4 32 9d aa 8e 41 ..m}N...n8.2...A
0480: 71 a5 6c 4c fd 68 bf df 64 dd 5e 33 d2 4b 16 6c q.lL.h..d.^3.K.l
0490: 8b 52 c4 da dd e5 60 57 d5 b7 1b 17 19 32 e1 dd .R....`W.....2..
04a0: 5a 34 c5 c1 66 a3 d9 4a c7 1c eb 8d ea 28 b4 f2 Z4..f..J.....(..
04b0: 4b a7 9a 29 5a 4a a5 b7 94 50 51 ad 3b 8d 05 df K..)ZJ...PQ.;...
04c0: 95 6a fb d0 9e 2d dd 5c d6 d9 64 9d 97 9a a0 75 .j...-.\..d....u
04d0: d6 b5 6e d7 69 af e1 2e 52 cd 92 ed 4d 61 44 77 ..n.i...R...MaDw
04e0: 33 ac ef b2 fb 88 a1 c8 cd ac 1a 24 c8 77 07 e1 3..........$.w..
04f0: da ce b3 fe 64 33 af 69 93 46 98 d9 14 a6 f3 dd ....d3.i.F......
0500: ba 6b 59 ee 74 db 7f f1 4a c3 ca a6 30 5c 76 8a .kY.t..J...0\v.
0510: 83 89 e1 ea 92 9b 0b d7 a5 92 3c a9 6d 1c 62 44 ..........<.m.bD
0520: be 97 9d 54 9b 85 70 15 94 f6 7b 16 4e b1 b3 85 ...T..p...{.N...
0530: d5 29 8e 0b 74 c1 66 cd a5 96 d9 05 f3 8e bd 8b .)..t.f.........
0540: 4c 2d 16 f9 0a 19 f3 eb 6a af 29 58 ac ef 74 b1 L-......j.)X..t.
0550: 2e ca db 25 7d 09 3b ee 70                      ...%}.;.p
<= Recv SSL data, 5 bytes (0x5)
0000: 17 03 03 05 71                                  ....q
<= Recv data, 1369 bytes (0x559)
0000: 2c c8 d5 8e 95 ef 99 f3 bc 25 76 73 d3 42 a7 d2 ,........%vs.B..
0010: d7 ba e3 da c0 70 84 ee 20 18 ed f2 81 d1 76 c9 .....p.. .....v.
0020: be ad 4f 5f 44 be df 16 a3 65 d4 0f d7 6a d1 af ..O_D....e...j..
0030: ae cb 41 d1 43 6a dc de 4b f3 b0 2b e1 5e 33 70 ..A.Cj..K..+.^3p
0040: f2 5b 37 6b 1a b2 5c 5d 19 e1 ac 8f a6 7c 73 d4 .[7k..\].....|s.
0050: 16 16 d1 fe 65 ca 7b 5b 52 59 79 71 b6 aa 3a e1 ....e.{[RYyq..:.
0060: 7a ca 78 55 7d e9 6b fa fe 25 9b 29 15 76 76 bd z.xU}.k..%.).vv.
0070: b2 ea 6b d3 7a e9 58 58 fe a5 9f d3 57 37 cf 06 ..k.z.XX....W7..
0080: 9e bb 50 43 b5 ed 96 5d 89 f2 a4 ed 55 0d 63 d4 ..PC...]....U.c.
0090: 14 83 75 59 d9 40 c6 a2 5a 54 5e cb e5 ec b4 3f ..uY.@..ZT^....?
00a0: 7a e7 e6 8b a0 2e 78 95 74 a1 b5 09 59 e8 59 7b z.....x.t...Y.Y{
00b0: dd e0 ab 1d da b7 0a fd ed c0 dc 2d 49 a1 dd 28 ...........-I..(
00c0: 21 d2 2b 15 77 cd 66 bf bf aa c1 78 18 35 e4 96 !.+.w.f....x.5..
00d0: a1 2c 8b 13 3a 9e af 56 e3 a5 b5 76 54 13 75 6a .,..:..V...vT.uj
00e0: 52 bb 92 ad 66 c7 7b 71 b0 e5 e7 51 a3 3a 62 05 R...f.{q...Q.:b.
00f0: 25 bd c9 36 4a 52 60 28 a5 65 ad ec b4 84 25 2e %..6JR`(.e....%.
0100: 0c 7b c4 d4 d4 3c 11 d6 e9 e5 78 d9 55 f8 ac ae .{...<....x.U...
0110: f4 17 46 1b 57 ea e6 60 6b ef bb b3 7a 85 1f ee ..F.W..`k...z...
0120: 2b 72 51 f7 e5 5e 0d 7a 95 f5 de 66 7b 4e 68 e4 +rQ..^.z...f{Nh.
0130: d9 58 a8 15 f9 92 d8 f3 a4 ea a0 d7 50 e4 a0 ed .X..........P...
0140: cf 6b 91 16 2e f5 95 d2 2d 09 61 10 0a 05 85 58 .k......-.a....X
0150: a4 a8 04 93 7e b1 a3 4f f6 3e cb b1 65 5b df 2d ....~..O.>..e[.-
0160: b5 8a 4f b4 c1 74 c3 2a c5 22 83 18 86 fd 7a 63 ..O..t.*."....zc
0170: 51 60 01 df 70 47 eb c9 76 d1 ef a0 51 b9 e2 5b Q`..pG..v...Q..[
0180: a5 b8 d9 19 e4 f5 aa ba 37 72 f1 52 a9 2d d3 fe ........7r.R.-..
0190: 62 61 16 65 ae 89 1a 65 41 c9 e5 cd 6e d5 ce 55 ba.e...eA...n..U
01a0: 23 ce 36 27 64 6a 5a 2c 5d 90 c5 92 c5 2f 99 12 #.6'djZ,]..../..
01b0: e6 b6 42 db 76 f8 41 a1 37 5f 85 85 79 75 e8 95 ..B.v.A.7_..yu..
01c0: 70 bf 61 d6 f8 7c be 8d 79 7e 32 af ea 53 12 ab p.a..|..y~2..S..
01d0: c3 6c 0b aa ad d2 a2 bb ed d6 a9 d6 58 8f 82 bc .l..........X...
01e0: 32 ad ee 0a fd 45 7e be c9 75 67 7a 9d d8 3e d2 2....E~..ugz..>.
01f0: e4 69 1e e7 d4 74 ae bb 5d e1 21 0b 48 d5 4c af .i...t..].!.H.L.
0200: 68 ba d8 8b 0a d9 68 1b 18 65 b3 50 08 ba 7a a5 h.....h..e.P..z.
0210: cd fb ad 7c d1 e7 d6 2d 22 e7 da 8e dc a9 f7 86 ...|...-".......
0220: 7b 69 39 99 b9 7a 36 dd ed c4 7b 7d 11 7a 7b 1c {i9..z6...{}.z{.
0230: d4 e7 9a 4e 15 2a 95 3d ce d8 2f 69 c7 b2 63 df ...N.*.=../i..c.
0240: e2 43 65 9a 9e 17 35 a7 a7 9b aa 9c 33 4b 61 7b .Ce...5.....3Ka{
0250: 8c 23 59 4c 87 6d af 31 f5 f9 d8 47 62 0d 0d 95 .#YL.m.1...Gb...
0260: 9a 30 cc e1 c9 82 62 3e 46 e2 72 bf 57 ea 2a df .0....b>F.r.W.*.
0270: d9 88 a3 e9 7a 69 da 3e 3f ab ce c2 76 60 30 36 ....zi.>?...v`06
0280: 5f 2b a6 b7 65 3d 53 e8 a6 07 a5 1d 49 57 a4 06 _+..e=S.....IW..
0290: 61 e5 fe 24 f4 2a 5b 65 be 96 ed 5d b9 39 b2 69 a..$.*[e...].9.i
02a0: 7a 6c 6f 3a db d2 32 bd 9a 2e 37 39 c7 1b b8 b5 zlo:..2...79....
02b0: dc 22 57 8d 6b 23 67 6a 4a 73 4b 19 35 72 ac 19 ."W.k#gjJsK.5r..
02c0: f2 79 63 d8 94 7c 69 a2 17 d5 fd 28 16 26 b6 24 .yc..|i....(.&.$
02d0: 0e e5 79 b7 8a 06 08 0d d3 5a 77 45 97 35 49 93 ..y......ZwE.5I.
02e0: da 7e b3 2a 2b 41 55 ce cf cd 7a 5a 1a 2f 95 5e .~.*+AU...zZ./.^
02f0: 14 3b f3 6a dc 4e c7 46 af de ed b6 ed 11 37 d4 .;.j.N.F......7.
0300: ad 9e b5 90 e2 bd 30 36 73 ad 8e 33 eb 2f aa 2b ......06s..3./.+
0310: 03 66 7b 59 12 a9 be 58 ef ea 6b 5c 1e 76 f5 7d .f{Y...X..k\.v.}
0320: 80 47 0d 23 ae b2 a0 3d d6 f5 71 47 2e af 2a 93 .G.#...=..qG..*.
0330: 70 1d 0b d3 82 8c 3c 44 b7 ac 16 6b c3 7e 8d c7 p.....<D...k.~..
0340: de 32 14 f5 7e bb 23 e5 67 8b b5 e7 53 7b 4e 78 .2..~.#.g...S{Nx
0350: 2b 08 65 e6 c1 a8 1d b2 a1 ad ee ab 8d 95 00 6d +.e............m
0360: 32 cc 61 a3 43 56 d5 05 f5 f7 a1 9c 2e d6 7c 95 2.a.CV........|.
0370: 2b 37 bb b9 69 d9 2a ae b6 93 74 79 c6 2d 35 3d +7..i.*...ty.-5=
0380: 37 5d c9 66 a1 33 f7 6b 1d d7 5b e4 16 13 73 62 7].f.3.k..[...sb
0390: 4a ba 54 af 86 88 58 32 6c b6 d7 51 ab ce c6 81 J.T...X2l..Q....
03a0: 27 84 cb 9c d4 98 ac 05 63 3f f4 02 69 b9 ed 2e '.......c?..i...
03b0: 04 bf d8 9e 0e f2 ae 47 ed 0a 97 e7 e4 1c 1c 6e .......G.......n
03c0: 4b 55 54 2e 6e 3d 61 5b 9e 16 fa 85 ce a4 64 3a KUT.n=a[......d:
03d0: f9 9a 16 d6 58 35 4e e3 75 53 29 c6 e9 ec 6a cb ....X5N.uS)...j.
03e0: f8 b0 1a a6 d5 c2 26 3d 5a b5 77 bc ee c1 34 9c ......&=Z.w...4.
03f0: e1 b4 50 5e 61 c3 6b 16 c3 7c a1 c3 79 33 51 86 ..P^a.k..|..y3Q.
0400: 30 b2 d8 42 5d 6e ca 38 70 c2 c0 12 fa a3 8e 44 0..B]n.8p......D
0410: 4b 66 53 db ca e6 c0 8c eb 6d ae ba 2c a2 f5 c8 KfS......m..,...
0420: 83 25 a5 d7 70 a3 ee bc 14 0d 26 bb e2 d4 e9 ca .%..p.....&.....
0430: c5 fd b4 d1 f0 e7 bd e9 a4 c4 f7 0a b9 9e d1 68 ...............h
0440: c9 ab 9a 11 b6 b2 f5 fc 34 f6 68 28 b2 fa d6 5f ........4.h(..._
0450: c7 13 53 76 26 85 4d 64 b3 6c 7e cd 1a f3 da dc ..Sv&.Md.l~.....
0460: aa 23 aa 4c 06 ac 9f 55 da 9d ce 40 9c 57 74 69 .#.L...U...@.Wti
0470: 6f d0 4e 83 c8 05 71 bb 68 6a 6c 20 ad 48 77 26 o.N...q.hjl .Hw&
0480: 8c e5 5e 6d 9a 76 0b e1 54 6a 10 67 9f ab d5 b5 ..^m.v..Tj.g....
0490: 6a 4d 72 aa 4e 5f 58 15 57 15 d3 c0 ed ae ad 62 jMr.N_X.W......b
04a0: 48 1a a4 de 8a 0d de 2f 96 b6 4c 6c c8 1c 62 9b H....../..Ll..b.
04b0: f2 a0 22 8c c4 c2 a0 91 15 7c 12 65 73 c3 32 a9 .."......|.es.2.
04c0: 65 b7 3b 77 23 a9 bb 99 a5 94 ac 46 a1 b3 e9 6b e.;w#......F...k
04d0: cb 4a 55 a1 ce bc 07 63 cc af 0b f5 62 9f ef d8 .JU....c....b...
04e0: 5a 3f 6a 4c 73 48 0c 06 31 0b 56 fb 92 39 ad a8 Z?jLsH..1.V..9..
04f0: e9 49 b1 d2 af a0 72 65 af a8 e9 c2 ae 5f 48 af .I....re....._H.
0500: f8 ca 72 68 b8 db 05 67 cd 0b bb 8a 19 8f 96 d3 ..rh...g........
0510: 74 3b a7 c8 d8 8e 9d 1d 93 71 c3 55 b7 14 65 4b t;.......q.U..eK
0520: 33 01 b6 a2 ca a8 41 94 b8 a0 2d d2 d4 54 fb 5d 3.....A...-..T.]
0530: 81 72 62 d6 1f b7 30 d7 e6 e4 25 df b7 e7 7c 79 .rb...0...%...|y
0540: 27 a2 a5 59 28 b3 d5 66 8b ca db ca 20 1d 2c e6 '..Y(..f.... .,.
0550: ca a2 45 f7 81 52 0b c2 3a                      ..E..R..:
<= Recv SSL data, 5 bytes (0x5)
0000: 17 03 03 05 71                                  ....q
<= Recv data, 1369 bytes (0x559)
0000: 32 06 86 5e a8 14 57 65 25 4b ba 81 e2 e5 dc 61 2..^..We%K.....a
0010: 90 eb 2e 0d 35 df ec ae d4 e5 72 b7 1e 07 79 07 ....5.....r...y.
0020: 8f 26 e3 95 30 12 e7 fe 34 ab 5b 75 b2 a8 ab d5 .&..0...4.[u....
0030: 28 3b 91 a1 b0 aa c6 4d b1 3c 14 d5 7d b4 2c ee (;.....M.<..}.,.
0040: 34 bb d0 59 a0 4d 10 34 c4 59 16 b5 eb 3e 13 bc 4..Y.M.4.Y...>..
0050: d6 be 39 09 b7 b3 20 ea b8 f3 66 bc 1e 98 db 5d ..9... ...f....]
0060: 6d c7 17 e4 4a a8 2e fb bd ed c2 d9 af e4 6d 77 m...J.........mw
0070: 54 57 e6 06 cd 4e 82 5d 94 ef 57 fd 12 5b 8d a9 TW...N.]..W..[..
0080: db 49 77 dc a8 33 57 74 23 d8 e5 94 90 cb e7 0a .Iw..3Wt#.......
0090: d0 1f f6 f2 0a 6c 19 13 55 ee 0b a2 92 1f 68 22 .....l..U.....h"
00a0: b7 9b ac a3 9d 51 5d ef 75 c9 73 73 52 57 49 4b .....Q].u.ssRWIK
00b0: db 89 36 8a dd e2 6c 36 1c a5 e3 9a 52 57 36 b2 ..6...l6....RW6.
00c0: 28 f3 2b 8f 95 a4 4e 3a b0 50 a7 2f fb 86 ac ac (.+...N:.P./....
00d0: a5 f6 a6 da 6f 8c f3 71 49 18 2f 0c c7 a8 e6 4d ....o..qI./....M
00e0: 52 9e 4f 8b a8 1b 0b be 9f a5 85 f4 54 35 63 a4 R.O.........T5c.
00f0: e6 54 2c d0 a6 66 0d 5b c5 ba 43 e6 9e 3b 43 b2 .T,..f.[..C..;C.
0100: 33 a9 ec 72 4d 51 da 75 da 79 5a b1 4c ab 94 8d 3..rMQ.u.yZ.L...
0110: 16 9d c2 96 a0 6e 1b ef 3a 92 d7 42 69 8f 17 46 .....n..:..Bi..F
0120: f5 85 d8 29 22 6b dc 81 58 8a 34 99 49 30 36 6a ...)"k..X.4.I06j
0130: 5d 79 3e a9 68 da ae d6 74 5b 1e 81 5d e2 d0 5c ]y>.h...t[..]..\
0140: 5b d6 46 c1 72 d5 5f 86 be 45 d3 3c 5d 34 ab b9 [.F.r._..E.<]4..
0150: ae 91 e7 4a ad a4 44 fc 17 d7 7c a8 bd de f3 05 ...J..D...|.....
0160: 54 ca c2 32 2c 16 4b bc 91 e3 0d 9e 47 79 51 cf T..2,.K.....GyQ.
0170: 21 51 c8 19 b0 94 47 e5 23 29 97 1c 2b ac e7 b4 !Q....G.#)..+...
0180: e3 9c be ab 84 6c 1c 48 37 97 f5 94 f3 1c 76 8d .....l.H7.....v.
0190: 63 36 fe 59 f9 83 05 d4 7d 21 ee 4b f2 12 e0 94 c6.Y....}!.K....
01a0: ae 1c 4b a2 bf ab ba 98 13 0b df 5e 53 a8 04 12 ..K........^S...
01b0: 74 60 08 27 47 0e 88 0b 92 9c 8a 22 9b 40 1d 30 t`.'G......".@.0
01c0: 0b 01 0f 9a e8 b5 4a f2 c8 9d 79 7d 57 02 72 c9 ......J...y}W.r.
01d0: b9 de 14 41 ea 1e f2 a4 33 cf ef 86 7f c6 eb b9 ...A....3......
01e0: ee f4 79 7e f5 f3 bc ed 67 f8 3f 11 f8 54 ce 92 ..y~....g.?..T..
01f0: 8e d0 3f 11 d6 3b 57 be cf b9 db 9b cc ef 3b bc ..?..;W.......;.
0200: 49 2b 1a 82 27 f0 d6 e8 05 df 19 8d bf 53 74 50 I+..'........StP
0210: ed 6f bf fd a4 d7 fd 03 68 90 69 d6 2d ba 03 af .o......h.i.-...
0220: b0 c2 0f f0 e3 5c 9a 57 2f 69 aa 5f 81 76 07 be .....\.W/i._.v..
0230: c3 db 3b f0 c7 5b b7 fb 43 fb 3c f5 be 7d 9e fa ..;..[..C.<..}..
0240: 0a 8e a8 0f 17 58 8c 41 cd 3a 20 de a6 88 4b 11 .....X.A.: ...K.
0250: d4 63 9f 41 86 34 0b ba 26 4a 50 ee 7e 9c 5b e5 .c.A.4..&JP.~.[.
0260: ea 27 0d ec cb f6 bb 7f 6a ec 3f dd fe ac e3 ff .'.....j.?.....
0270: 07 60 34 40 20 a9 be da 3e fa f6 4a 03 1b b7 bf .`4@ ...>..J....
0280: 5d d3 b8 bb 6c e2 26 4b 6c 7f d5 da ff 60 70 37 ]...l.&Kl...`p7
0290: 77 df b6 bf ee e8 5f f5 3b 0e 6d 8e 73 93 e3 ad w....._.;.m.s...
02a0: c5 71 61 d2 8c 6e 5e 4e de 76 e9 48 17 6d 06 ec .qa..n^N.v.H.m..
02b0: 40 13 3d 04 d4 be bd 79 7d 74 71 18 f3 39 46 a1 @.=....y}tq..9F.
02c0: 86 b8 13 3a e7 92 b5 cf 59 dc c1 6a 3d 48 0f f2 ...:....Y..j=H..
02d0: 60 e3 0f 0a e3 a7 f7 3d fa 9b bb d7 1a ca 23 97 `......=......#.
02e0: 14 89 de d9 df df 7a 63 70 d4 1f f6 db 75 f0 04 ......zcp....u..
02f0: b8 db fe a4 5d ff cf 94 62 1d b9 ec 7f b9 ff 24 ....]...b.....$
0300: 0f 67 fe 97 bb e3 f0 3d 43 3e bb 3d 19 e8 db 06 .g.....=C>.=....
0310: 06 3e a2 15 13 b9 ec ee db 15 3d 46 37 6b 1f 3c .>........=F7k.<
0320: 1d e9 fe 01 5c 14 81 76 22 ed ed 95 7d 69 14 41 ....\..v"...}i.A
0330: 86 4e 7b 75 7b 83 1d f3 e6 82 ce 81 c6 bd 8f 58 .N{u{..........X
0340: e5 d4 da 41 b7 29 9f 6a a9 af 20 f5 b9 0a 4f 05 ...A.).j.. ...O.
0350: 3d 6e ed ff 2d f5 a5 3e ac 85 75 f0 04 0e 9b 79 =n..-..>..u....y
0360: ae d5 ae fd d4 af 19 82 36 4b 18 ba a4 f5 2a 5e ........6K....*^
0370: 52 9e bf 4f 4a a6 ae 2e 1d aa fb 07 02 ef 34 a5 R..OJ.........4.
0380: 79 e4 e9 67 0a 39 6e e5 a5 4e 34 8f dc 1f ee 91 y..g.9n..N4.....
0390: 9b c3 f3 a8 35 0c e1 09 e8 1a c6 a7 da c5 eb 9e ....5...........
03a0: b7 ba a6 67 43 96 58 0a 67 71 26 47 a8 66 21 9f ...gC.X.gq&G.f!.
03b0: 51 c8 de 74 17 0a 9f eb ea 8d fc eb 1f 1f 5f a7 Q..t.........._.
03c0: dc 6b b2 39 4b 5e 8b 80 27 60 93 63 0d f3 de 3a .k.9K^..'`.c...:
03d0: 7c 3f 3d 81 9b 1b f0 af 7f 5d 8c 53 64 dc 1f 1e |?=.....].Sd...
03e0: 5c c9 c6 ed cd ef 37 77 e0 b7 a7 27 90 11 c0 1f \.....7w...'....
03f0: e0 e6 f7 1b f0 70 4d e1 db 5f 2d 3b 0a 10 8d 2f .....pM.._-;.../
0400: d7 f5 11 a4 da cf 57 f6 6d ac a1 5b fe 2b c8 fc ......W.m..[.+..
0410: 42 8e fb 44 6b cc ba 7b e3 f3 8f 2b 3e ff b8 e2 B..Dk..{...+>...
0420: f3 b8 e2 e5 b9 05 6e 3f 23 7e 7c 2d 93 b0 74 9a ......n?#~|-..t.
0430: b5 b0 cf 08 8d 3f 8e dc 53 e4 d9 50 43 93 e4 d0 .....?..S..PC...
0440: bd 03 ef 4f 3d 62 ce 2e 25 f6 20 b3 92 b0 02 a4 ...O=b..%. .....
0450: 7f ad a4 f4 af b6 ee db 65 b7 f8 13 2e 6e dd c0 .......e....n..
0460: b6 bf 82 e3 bf 57 ef 7d 28 fb ef d5 c6 7f c9 e2 .....W.}(......
0470: dd 25 8f 89 b5 13 f7 70 2b 5f df ac 57 f5 e7 bf .%.....p+_..W...
0480: 94 84 98 b3 2b b2 3f 3e de 03 17 a6 ff c9 55 e3 ....+.?>......U.
0490: 57 e3 29 34 07 d0 41 b7 37 49 27 e8 e6 ee df fc W.)4..A.7I'.....
04a0: 9f 57 de af 79 e4 ee 6f b5 ce df b7 41 3e 29 a7 .W..y..o....A>).
04b0: 1f 87 fe 71 83 e5 63 57 48 a3 08 b9 be 45 d8 a7 ...q..cWH....E..
04c0: 0d a0 4f db 32 c9 1d 93 f4 b7 de a8 b8 e4 82 50 ..O.2..........P
04d0: 72 27 1d 7a 56 bf a6 f2 73 a9 7e 3a f0 59 83 e0 r'.zV...s.~:.Y..
04e0: 2f 9b 5d 1f 9b 56 7f b3 65 f5 77 f4 99 f4 00 df /.]..V.e.w.....
04f0: 07 99 91 15 bf c6 02 6f 2d 41 c5 8a 81 4e 40 1b .......o-A...N@.
0500: 58 30 44 80 11 a0 11 c7 b3 11 43 00 02 a9 32 9c X0D.......C...2.
0510: 4a ad ca 1f 97 8d bd 4f 74 f6 49 40 7b b9 d6 b1 J......Ot.I@{...
0520: 6f 9a 7a 96 8e 84 93 a6 46 12 a6 9e 88 03 8f 92 o.z.....F.......
0530: 10 f9 49 9f e3 d0 f8 80 c0 0a 1c 78 8c e0 4d 7c ..I........x..M|
0540: 9e 61 c8 f1 08 85 34 06 50 d3 90 ef 27 8c 26 44 .a....4.P...'.&D
0550: 22 a4 26 04 3c 44 59 7c d9                      ".&.<DY|.
<= Recv SSL data, 5 bytes (0x5)
0000: 17 03 03 03 09                                  .....
<= Recv data, 753 bytes (0x2f1)
0000: b1 f8 dc 16 ff 5f 35 47 91 4f ec 10 7d aa 3d c8 ....._5G.O..}.=.
0010: 80 06 5d d0 4e 94 c8 08 f0 28 4a a2 52 c0 2c 9c ..].N....(J.R.,.
0020: 74 e8 0f 4c 1a 01 0b 28 fa 4c 8b 7f a5 c6 f7 0b t..L...(.L.....
0030: 43 97 e1 10 d3 c0 4f 3d b7 8d 57 95 25 f9 0e f0 C.....O=..W.%...
0040: 10 f5 89 0b ed e4 01 b0 7b b4 b2 af c0 c6 1b 04 ........{.......
0050: 20 03 16 71 d0 d7 03 7c c2 2b 0d 12 f5 82 84 58  ..q...|.+.....X
0060: e6 40 0d f8 c9 30 71 8f cd a6 e3 93 e1 44 18 07 .@...0q......D..
0070: 6e 10 f0 03 8a 00 66 00 fb c0 25 2c 79 75 80 34 n.....f...%,yu.4
0080: 86 74 10 61 66 01 07 da 11 a4 a7 74 e3 9f 4a e3 .t.af......t..J.
0090: 22 16 11 ba b9 92 05 b2 84 35 62 18 09 0b 84 02 "........5b.....
00a0: df 82 14 e9 e0 04 fa 26 03 f4 37 07 dd 9e 26 00 .......&..7...&.
00b0: d4 1d ec e2 43 cc 40 68 c2 fb 41 c8 a3 60 50 a3 ....C.@h..A..`P.
00c0: 24 31 99 0b 70 3b 09 bb 5d 13 18 84 02 07 fb 1a $1..p;..].......
00d0: 71 0d 6c 06 c9 4a 84 be 89 78 d4 84 ff de b0 3e q.l..J...x.....>
00e0: 1c 19 ef 4f 90 bf 16 dd a3 38 84 5a fc e2 41 df ...O.....8.Z..A.
00f0: 4f 3d 83 8a 4b 98 85 28 88 60 7c 69 44 26 62 27 O=..K..(.`|iD&b'
0100: 77 c1 fe 21 ad bb b6 a8 64 4b 18 01 81 8f c0 f0 w..!....dK......
0110: 48 0f 0c a1 ef df 83 25 09 80 03 63 e0 22 a4 27 H......%...c.".'
0120: 10 3a 89 8e 17 51 d2 9d 4e 8e 1f f1 9e 07 2e 89 .:...Q..N.......
0130: 80 41 89 73 20 f8 08 8f ef b3 5d 42 bc 24 0d 03 .A.s .....]B.$..
0140: 2e a1 c8 40 94 22 7a 7e f8 9d bc 69 f7 1f 38 4e ...@."z~...i..8N
0150: b3 28 71 d0 bd 49 88 69 a3 7b 8d 38 5c 84 d4 e4 .(q..I.i.{.8\...
0160: 12 43 dc d1 d3 b9 93 70 99 44 38 0e ae 2d c7 d0 .C.....p.D8..-..
0170: cd 0d 5e 13 0d e9 8e b1 26 ae eb ad 0d b2 b6 75 ..^.....&......u
0180: 4c 90 85 53 cf d2 81 20 50 90 0a 26 09 99 47 0e L..S... P..&..G.
0190: 3e 7f 54 f9 3b 2d ff b3 c3 f8 da dd de 1d 03 c7 >T.;-..........
01a0: b7 19 06 49 ba 7e 17 07 33 88 32 62 8e 07 b6 f9 ...I.~..3.2b....
01b0: 10 65 8c c0 b6 81 17 67 04 1e f8 ce 83 17 67 72 .e.....g......gr
01c0: 87 ff 77 99 12 70 76 99 e4 71 d8 f1 a1 d3 f1 89 ..w..pv..q......
01d0: 53 32 77 f8 b4 91 c1 ce 2f b2 7c 62 63 fd fc c1 S2w...../.|bc...
01e0: 9f ff 78 9d 36 29 8c 33 59 9e 3f 96 43 bc 33 7b ..x.6).3Y.?.C.3{
01f0: 07 32 42 f6 dc 59 7f 77 bd 1d 79 ce 60 86 9c 64 .2B..Yw..y.`..d
0200: cd 43 9e 98 fc e1 a8 19 21 f5 fc f6 fb 07 30 86 .C......!.....0.
0210: 31 68 d7 1e c0 a3 cf 28 71 cd 33 09 83 b8 2c e3 1h.....(q.3...,.
0220: 23 07 ab c4 d6 53 cf ef 63 eb e4 5d 4f 02 7e 75 #....S..c..]O.~u
0230: 6f fe 84 07 1f 79 f0 e8 7b be f3 70 2a 25 3d ff o....y..{..p*%=.
0240: 4b 0d 6c fb db df c0 fe 89 04 07 e8 e7 65 72 28 K.l..........er(
0250: b5 87 27 32 0f 20 2f dc 97 ca f7 e5 d2 7d 29 fb ..'2. /......}).
0260: ff 97 b1 21 a2 49 ca 02 5d 0d 81 7f 41 c7 fb 06 ...!.I..]..A...
0270: 7c a4 05 14 b3 18 a8 f1 f9 7d cc 3f f0 ac 28 8a |........}.?..(.
0280: ee b5 d7 4d 3b b8 56 7e b7 3b d9 a7 0d 5d fd b5 ...M;.V~.;...]..
0290: ad af 52 e8 ea 2f c9 cf 2a 52 80 41 6a 26 bf 64 ..R../..*R.Aj&.d
02a0: 79 51 6d e8 6e 2e b7 3d 71 a4 4b 19 0f 45 02 2f yQm.n..=q.K..E./
02b0: c9 c9 13 a7 48 7e 0a 00 b8 fb 2b eb bf f8 45 c0 ....H~....+...E.
02c0: 6b d9 e8 f5 16 bd 48 e0 2f 62 e0 f3 21 97 1c 2b k.....H./b..!..+
02d0: 4f e0 fb 21 3c 3d fc ce e6 22 6c 7c e4 8e 0f c2 O..!<=..."l|....
02e0: 1e b9 e3 8f 9c fe 2f b8 2d cb ec f5 34 00 00 0d ....../.-...4...
02f0: 0a                                              .
<= Recv SSL data, 5 bytes (0x5)
0000: 17 03 03 00 1d                                  .....
<= Recv data, 5 bytes (0x5)
0000: 30 0d 0a 0d 0a                                  0....
== Info: Closing connection 0
=> Send SSL data, 5 bytes (0x5)
0000: 15 03 03 00 1a                                  .....
== Info: TLSv1.2 (OUT), TLS alert, Client hello (1):
=> Send SSL data, 2 bytes (0x2)
0000: 01 00                                           ..
