== Info:   Trying 127.0.0.1...
== Info: TCP_NODELAY set
== Info: Connected to 127.0.0.1 (127.0.0.1) port 10809 (#0)
== Info: allocate connect buffer!
== Info: Establish HTTP proxy tunnel to 18comic.vip:443
=> Send header, 213 bytes (0xd5)
0000: 43 4f 4e 4e 45 43 54 20 31 38 63 6f 6d 69 63 2e CONNECT 18comic.
0010: 76 69 70 3a 34 34 33 20 48 54 54 50 2f 31 2e 31 vip:443 HTTP/1.1
0020: 0d 0a 48 6f 73 74 3a 20 31 38 63 6f 6d 69 63 2e ..Host: 18comic.
0030: 76 69 70 3a 34 34 33 0d 0a 55 73 65 72 2d 41 67 vip:443..User-Ag
0040: 65 6e 74 3a 20 4d 6f 7a 69 6c 6c 61 2f 35 2e 30 ent: Mozilla/5.0
0050: 20 28 57 69 6e 64 6f 77 73 20 4e 54 20 36 2e 31  (Windows NT 6.1
0060: 3b 20 57 69 6e 36 34 3b 20 78 36 34 29 20 41 70 ; Win64; x64) Ap
0070: 70 6c 65 57 65 62 4b 69 74 2f 35 33 37 2e 33 36 pleWebKit/537.36
0080: 20 28 4b 48 54 4d 4c 2c 20 6c 69 6b 65 20 47 65  (KHTML, like Ge
0090: 63 6b 6f 29 20 43 68 72 6f 6d 65 2f 31 30 34 2e cko) Chrome/104.
00a0: 30 2e 30 2e 30 20 53 61 66 61 72 69 2f 35 33 37 0.0.0 Safari/537
00b0: 2e 33 36 0d 0a 50 72 6f 78 79 2d 43 6f 6e 6e 65 .36..Proxy-Conne
00c0: 63 74 69 6f 6e 3a 20 4b 65 65 70 2d 41 6c 69 76 ction: Keep-Aliv
00d0: 65 0d 0a 0d 0a                                  e....
<= Recv header, 37 bytes (0x25)
0000: 48 54 54 50 2f 31 2e 31 20 32 30 30 20 43 6f 6e HTTP/1.1 200 Con
0010: 6e 65 63 74 69 6f 6e 20 65 73 74 61 62 6c 69 73 nection establis
0020: 68 65 64 0d 0a                                  hed..
<= Recv header, 2 bytes (0x2)
0000: 0d 0a                                           ..
== Info: Proxy replied 200 to CONNECT request
== Info: CONNECT phase completed!
== Info: ALPN, offering h2
== Info: ALPN, offering http/1.1
== Info: Cipher selection: ALL:!EXPORT:!EXPORT40:!EXPORT56:!aNULL:!LOW:!RC4:@STRENGTH
== Info: successfully set certificate verify locations:
== Info:   CAfile: D:/Program Files/Git/mingw64/ssl/certs/ca-bundle.crt
  CApath: none
== Info: TLSv1.2 (OUT), TLS header, Certificate Status (22):
=> Send SSL data, 5 bytes (0x5)
0000: 16 03 01 02 00                                  .....
== Info: TLSv1.2 (OUT), TLS handshake, Client hello (1):
=> Send SSL data, 512 bytes (0x200)
0000: 01 00 01 fc 03 03 04 36 26 f1 05 9f a5 f5 0e 1e .......6&.......
0010: 88 19 6b 45 65 2c d3 a9 fb 62 70 ef b2 b8 0f be ..kEe,...bp.....
0020: 31 6a 72 42 8b bb 00 00 a0 c0 30 c0 2c c0 28 c0 1jrB......0.,.(.
0030: 24 c0 14 c0 0a 00 a5 00 a3 00 a1 00 9f 00 6b 00 $.............k.
0040: 6a 00 69 00 68 00 39 00 38 00 37 00 36 00 88 00 j.i.h.9.8.7.6...
0050: 87 00 86 00 85 c0 32 c0 2e c0 2a c0 26 c0 0f c0 ......2...*.&...
0060: 05 00 9d 00 3d 00 35 00 84 c0 2f c0 2b c0 27 c0 ....=.5.../.+.'.
0070: 23 c0 13 c0 09 00 a4 00 a2 00 a0 00 9e 00 67 00 #.............g.
0080: 40 00 3f 00 3e 00 33 00 32 00 31 00 30 00 9a 00 @.?.>.3.2.1.0...
0090: 99 00 98 00 97 00 45 00 44 00 43 00 42 c0 31 c0 ......E.D.C.B.1.
00a0: 2d c0 29 c0 25 c0 0e c0 04 00 9c 00 3c 00 2f 00 -.).%.......<./.
00b0: 96 00 41 00 07 c0 12 c0 08 00 16 00 13 00 10 00 ..A.............
00c0: 0d c0 0d c0 03 00 0a 00 ff 01 00 01 33 00 00 00 ............3...
00d0: 10 00 0e 00 00 0b 31 38 63 6f 6d 69 63 2e 76 69 ......18comic.vi
00e0: 70 00 0b 00 04 03 00 01 02 00 0a 00 1c 00 1a 00 p...............
00f0: 17 00 19 00 1c 00 1b 00 18 00 1a 00 16 00 0e 00 ................
0100: 0d 00 0b 00 0c 00 09 00 0a 00 0d 00 20 00 1e 06 ............ ...
0110: 01 06 02 06 03 05 01 05 02 05 03 04 01 04 02 04 ................
0120: 03 03 01 03 02 03 03 02 01 02 02 02 03 00 0f 00 ................
0130: 01 01 33 74 00 00 00 10 00 0e 00 0c 02 68 32 08 ..3t.........h2.
0140: 68 74 74 70 2f 31 2e 31 00 15 00 b4 00 00 00 00 http/1.1........
0150: 00 00 00 00 00 00 00 00 00 00 00 00 00 00 00 00 ................
0160: 00 00 00 00 00 00 00 00 00 00 00 00 00 00 00 00 ................
0170: 00 00 00 00 00 00 00 00 00 00 00 00 00 00 00 00 ................
0180: 00 00 00 00 00 00 00 00 00 00 00 00 00 00 00 00 ................
0190: 00 00 00 00 00 00 00 00 00 00 00 00 00 00 00 00 ................
01a0: 00 00 00 00 00 00 00 00 00 00 00 00 00 00 00 00 ................
01b0: 00 00 00 00 00 00 00 00 00 00 00 00 00 00 00 00 ................
01c0: 00 00 00 00 00 00 00 00 00 00 00 00 00 00 00 00 ................
01d0: 00 00 00 00 00 00 00 00 00 00 00 00 00 00 00 00 ................
01e0: 00 00 00 00 00 00 00 00 00 00 00 00 00 00 00 00 ................
01f0: 00 00 00 00 00 00 00 00 00 00 00 00 00 00 00 00 ................
== Info: CONNECT phase completed!
== Info: CONNECT phase completed!
<= Recv SSL data, 5 bytes (0x5)
0000: 16 03 03 00 64                                  ....d
== Info: TLSv1.2 (IN), TLS handshake, Server hello (2):
<= Recv SSL data, 100 bytes (0x64)
0000: 02 00 00 60 03 03 62 9c b9 71 55 c4 ec e7 b7 c2 ...`..b..qU.....
0010: 11 2b 29 96 eb 5c 2a e9 02 24 1e fe 0a 56 44 4f .+)..\*..$...VDO
0020: 57 4e 47 52 44 01 20 77 db 6d e4 17 c1 75 2a 49 WNGRD. w.m...u*I
0030: 3a 15 bf 33 75 ca 3d df cb d7 c4 d3 77 c1 5a 36 :..3u.=.....w.Z6
0040: 42 d6 d0 19 01 aa db c0 2b 00 00 18 00 00 00 00 B.......+.......
0050: ff 01 00 01 00 00 0b 00 02 01 00 00 10 00 05 00 ................
0060: 03 02 68 32                                     ..h2
<= Recv SSL data, 5 bytes (0x5)
0000: 16 03 03 09 18                                  .....
== Info: TLSv1.2 (IN), TLS handshake, Certificate (11):
<= Recv SSL data, 2328 bytes (0x918)
0000: 0b 00 09 14 00 09 11 00 05 3a 30 82 05 36 30 82 .........:0..60.
0010: 04 dc a0 03 02 01 02 02 10 0b e5 7f bd 1c d3 f5 ...............
0020: b8 4b 39 96 83 fe 5e e4 e4 30 0a 06 08 2a 86 48 .K9...^..0...*.H
0030: ce 3d 04 03 02 30 4a 31 0b 30 09 06 03 55 04 06 .=...0J1.0...U..
0040: 13 02 55 53 31 19 30 17 06 03 55 04 0a 13 10 43 ..US1.0...U....C
0050: 6c 6f 75 64 66 6c 61 72 65 2c 20 49 6e 63 2e 31 loudflare, Inc.1
0060: 20 30 1e 06 03 55 04 03 13 17 43 6c 6f 75 64 66  0...U....Cloudf
0070: 6c 61 72 65 20 49 6e 63 20 45 43 43 20 43 41 2d lare Inc ECC CA-
0080: 33 30 1e 17 0d 32 32 30 35 31 33 30 30 30 30 30 30...22051300000
0090: 30 5a 17 0d 32 33 30 35 31 33 32 33 35 39 35 39 0Z..230513235959
00a0: 5a 30 75 31 0b 30 09 06 03 55 04 06 13 02 55 53 Z0u1.0...U....US
00b0: 31 13 30 11 06 03 55 04 08 13 0a 43 61 6c 69 66 1.0...U....Calif
00c0: 6f 72 6e 69 61 31 16 30 14 06 03 55 04 07 13 0d ornia1.0...U....
00d0: 53 61 6e 20 46 72 61 6e 63 69 73 63 6f 31 19 30 San Francisco1.0
00e0: 17 06 03 55 04 0a 13 10 43 6c 6f 75 64 66 6c 61 ...U....Cloudfla
00f0: 72 65 2c 20 49 6e 63 2e 31 1e 30 1c 06 03 55 04 re, Inc.1.0...U.
0100: 03 13 15 73 6e 69 2e 63 6c 6f 75 64 66 6c 61 72 ...sni.cloudflar
0110: 65 73 73 6c 2e 63 6f 6d 30 59 30 13 06 07 2a 86 essl.com0Y0...*.
0120: 48 ce 3d 02 01 06 08 2a 86 48 ce 3d 03 01 07 03 H.=....*.H.=....
0130: 42 00 04 1c 9c 98 20 30 10 02 57 0b 9d 3f d9 8e B..... 0..W..?..
0140: 06 5b ea f2 27 0b 4b 3c 96 09 f9 89 cc f5 9f f3 .[..'.K<........
0150: 94 01 12 73 68 cf 3f 9f 27 1d c0 98 5d 04 52 4f ...sh.?.'...].RO
0160: 66 38 5f fb dd 96 65 24 bc c0 12 db 0a 8b f4 95 f8_...e$........
0170: 56 1c c9 a3 82 03 77 30 82 03 73 30 1f 06 03 55 V.....w0..s0...U
0180: 1d 23 04 18 30 16 80 14 a5 ce 37 ea eb b0 75 0e .#..0.....7...u.
0190: 94 67 88 b4 45 fa d9 24 10 87 96 1f 30 1d 06 03 .g..E..$....0...
01a0: 55 1d 0e 04 16 04 14 97 1a 9f 17 42 6f 9d b7 ad U..........Bo...
01b0: 3f 84 fc ef 98 21 44 fb f2 e7 b7 30 3c 06 03 55 ?....!D....0<..U
01c0: 1d 11 04 35 30 33 82 0d 2a 2e 31 38 63 6f 6d 69 ...503..*.18comi
01d0: 63 2e 76 69 70 82 0b 31 38 63 6f 6d 69 63 2e 76 c.vip..18comic.v
01e0: 69 70 82 15 73 6e 69 2e 63 6c 6f 75 64 66 6c 61 ip..sni.cloudfla
01f0: 72 65 73 73 6c 2e 63 6f 6d 30 0e 06 03 55 1d 0f ressl.com0...U..
0200: 01 01 ff 04 04 03 02 07 80 30 1d 06 03 55 1d 25 .........0...U.%
0210: 04 16 30 14 06 08 2b 06 01 05 05 07 03 01 06 08 ..0...+.........
0220: 2b 06 01 05 05 07 03 02 30 7b 06 03 55 1d 1f 04 +.......0{..U...
0230: 74 30 72 30 37 a0 35 a0 33 86 31 68 74 74 70 3a t0r07.5.3.1http:
0240: 2f 2f 63 72 6c 33 2e 64 69 67 69 63 65 72 74 2e //crl3.digicert.
0250: 63 6f 6d 2f 43 6c 6f 75 64 66 6c 61 72 65 49 6e com/CloudflareIn
0260: 63 45 43 43 43 41 2d 33 2e 63 72 6c 30 37 a0 35 cECCCA-3.crl07.5
0270: a0 33 86 31 68 74 74 70 3a 2f 2f 63 72 6c 34 2e .3.1http://crl4.
0280: 64 69 67 69 63 65 72 74 2e 63 6f 6d 2f 43 6c 6f digicert.com/Clo
0290: 75 64 66 6c 61 72 65 49 6e 63 45 43 43 43 41 2d udflareIncECCCA-
02a0: 33 2e 63 72 6c 30 3e 06 03 55 1d 20 04 37 30 35 3.crl0>..U. .705
02b0: 30 33 06 06 67 81 0c 01 02 02 30 29 30 27 06 08 03..g.....0)0'..
02c0: 2b 06 01 05 05 07 02 01 16 1b 68 74 74 70 3a 2f +.........http:/
02d0: 2f 77 77 77 2e 64 69 67 69 63 65 72 74 2e 63 6f /www.digicert.co
02e0: 6d 2f 43 50 53 30 76 06 08 2b 06 01 05 05 07 01 m/CPS0v..+......
02f0: 01 04 6a 30 68 30 24 06 08 2b 06 01 05 05 07 30 ..j0h0$..+.....0
0300: 01 86 18 68 74 74 70 3a 2f 2f 6f 63 73 70 2e 64 ...http://ocsp.d
0310: 69 67 69 63 65 72 74 2e 63 6f 6d 30 40 06 08 2b igicert.com0@..+
0320: 06 01 05 05 07 30 02 86 34 68 74 74 70 3a 2f 2f .....0..4http://
0330: 63 61 63 65 72 74 73 2e 64 69 67 69 63 65 72 74 cacerts.digicert
0340: 2e 63 6f 6d 2f 43 6c 6f 75 64 66 6c 61 72 65 49 .com/CloudflareI
0350: 6e 63 45 43 43 43 41 2d 33 2e 63 72 74 30 0c 06 ncECCCA-3.crt0..
0360: 03 55 1d 13 01 01 ff 04 02 30 00 30 82 01 7f 06 .U.......0.0...
0370: 0a 2b 06 01 04 01 d6 79 02 04 02 04 82 01 6f 04 .+.....y......o.
0380: 82 01 6b 01 69 00 76 00 e8 3e d0 da 3e f5 06 35 ..k.i.v..>..>..5
0390: 32 e7 57 28 bc 89 6b c9 03 d3 cb d1 11 6b ec eb 2.W(..k......k..
03a0: 69 e1 77 7d 6d 06 bd 6e 00 00 01 80 bb 2a 3b 61 i.w}m..n.....*;a
03b0: 00 00 04 03 00 47 30 45 02 21 00 ca 40 4c 99 28 .....G0E.!..@L.(
03c0: 2c 98 ab 8e 3c ec eb 29 a0 ef 86 32 34 ef 84 f6 ,...<..)...24...
03d0: 91 66 59 de cd ab c4 e5 0d 49 f7 02 20 0f ea 6d .fY......I.. ..m
03e0: f9 01 1c 92 53 11 a8 b7 a3 17 e1 8a 5f 74 9b 42 ....S......._t.B
03f0: 73 0d c4 5d 08 af 62 1b bc 30 8b 34 42 00 77 00 s..]..b..0.4B.w.
0400: 35 cf 19 1b bf b1 6c 57 bf 0f ad 4c 6d 42 cb bb 5.....lW...LmB..
0410: b6 27 20 26 51 ea 3f e1 2a ef a8 03 c3 3b d6 4c .' &Q.?.*....;.L
0420: 00 00 01 80 bb 2a 3b 7b 00 00 04 03 00 48 30 46 .....*;{.....H0F
0430: 02 21 00 cb c7 61 34 d9 94 fc 06 c7 2a 89 df bf .!...a4.....*...
0440: 31 44 38 7b 72 ed b2 b5 0f 8d 52 30 44 ff 25 ef 1D8{r.....R0D.%.
0450: 89 5a 70 02 21 00 89 23 22 d1 86 bc 4e f2 ca 42 .Zp.!..#"...N..B
0460: 1d e8 ce 18 b6 c2 c9 b5 80 01 d3 59 18 a7 01 4b ...........Y...K
0470: 69 ed cb 46 c1 fc 00 76 00 b3 73 77 07 e1 84 50 i..F...v..sw...P
0480: f8 63 86 d6 05 a9 dc 11 09 4a 79 2d b1 67 0c 0b .c.......Jy-.g..
0490: 87 dc f0 03 0e 79 36 a5 9a 00 00 01 80 bb 2a 3b .....y6.......*;
04a0: 9f 00 00 04 03 00 47 30 45 02 21 00 f5 a6 28 97 ......G0E.!...(.
04b0: 47 8e 73 13 50 f6 15 aa 12 19 3f 87 7d 26 21 57 G.s.P.....?.}&!W
04c0: 23 e7 2e 6e ce 42 5a 69 86 25 e0 95 02 20 1a 3c #..n.BZi.%... .<
04d0: 26 be 18 27 05 8c f7 7e aa d5 5c 37 1a 9d c9 60 &..'...~..\7...`
04e0: 69 ae 5f 3f d1 93 50 c0 4d 9c 1c c6 28 a1 30 0a i._?..P.M...(.0.
04f0: 06 08 2a 86 48 ce 3d 04 03 02 03 48 00 30 45 02 ..*.H.=....H.0E.
0500: 21 00 87 5d 26 29 85 73 d2 f9 a3 93 60 06 2f 14 !..]&).s....`./.
0510: 5e e0 9a ad fa 9d 4b 6f 95 9a 21 23 d8 e0 d0 93 ^.....Ko..!#....
0520: d6 c4 02 20 31 4b a0 e9 01 78 59 df 76 16 e5 b3 ... 1K...xY.v...
0530: 1c b5 5c 4d 2d 03 f2 83 1b 67 c1 93 59 4c fc f4 ..\M-....g..YL..
0540: c4 53 eb 5f 00 03 d1 30 82 03 cd 30 82 02 b5 a0 .S._...0...0....
0550: 03 02 01 02 02 10 0a 37 87 64 5e 5f b4 8c 22 4e .......7.d^_.."N
0560: fd 1b ed 14 0c 3c 30 0d 06 09 2a 86 48 86 f7 0d .....<0...*.H...
0570: 01 01 0b 05 00 30 5a 31 0b 30 09 06 03 55 04 06 .....0Z1.0...U..
0580: 13 02 49 45 31 12 30 10 06 03 55 04 0a 13 09 42 ..IE1.0...U....B
0590: 61 6c 74 69 6d 6f 72 65 31 13 30 11 06 03 55 04 altimore1.0...U.
05a0: 0b 13 0a 43 79 62 65 72 54 72 75 73 74 31 22 30 ...CyberTrust1"0
05b0: 20 06 03 55 04 03 13 19 42 61 6c 74 69 6d 6f 72  ..U....Baltimor
05c0: 65 20 43 79 62 65 72 54 72 75 73 74 20 52 6f 6f e CyberTrust Roo
05d0: 74 30 1e 17 0d 32 30 30 31 32 37 31 32 34 38 30 t0...20012712480
05e0: 38 5a 17 0d 32 34 31 32 33 31 32 33 35 39 35 39 8Z..241231235959
05f0: 5a 30 4a 31 0b 30 09 06 03 55 04 06 13 02 55 53 Z0J1.0...U....US
0600: 31 19 30 17 06 03 55 04 0a 13 10 43 6c 6f 75 64 1.0...U....Cloud
0610: 66 6c 61 72 65 2c 20 49 6e 63 2e 31 20 30 1e 06 flare, Inc.1 0..
0620: 03 55 04 03 13 17 43 6c 6f 75 64 66 6c 61 72 65 .U....Cloudflare
0630: 20 49 6e 63 20 45 43 43 20 43 41 2d 33 30 59 30  Inc ECC CA-30Y0
0640: 13 06 07 2a 86 48 ce 3d 02 01 06 08 2a 86 48 ce ...*.H.=....*.H.
0650: 3d 03 01 07 03 42 00 04 b9 ad 4d 66 99 14 0b 46 =....B....Mf...F
0660: ec 1f 81 d1 2a 50 1e 9d 03 15 2f 34 12 7d 2d 96 ....*P..../4.}-.
0670: b8 88 38 9b 85 5f 8f bf bb 4d ef 61 46 c4 c9 73 ..8.._...M.aF..s
0680: d4 24 4f e0 ee 1c ce 6c b3 51 71 2f 6a ee 4c 05 .$O....l.Qq/j.L.
0690: 09 77 d3 72 62 a4 9b d7 a3 82 01 68 30 82 01 64 .w.rb......h0..d
06a0: 30 1d 06 03 55 1d 0e 04 16 04 14 a5 ce 37 ea eb 0...U........7..
06b0: b0 75 0e 94 67 88 b4 45 fa d9 24 10 87 96 1f 30 .u..g..E..$....0
06c0: 1f 06 03 55 1d 23 04 18 30 16 80 14 e5 9d 59 30 ...U.#..0.....Y0
06d0: 82 47 58 cc ac fa 08 54 36 86 7b 3a b5 04 4d f0 .GX....T6.{:..M.
06e0: 30 0e 06 03 55 1d 0f 01 01 ff 04 04 03 02 01 86 0...U...........
06f0: 30 1d 06 03 55 1d 25 04 16 30 14 06 08 2b 06 01 0...U.%..0...+..
0700: 05 05 07 03 01 06 08 2b 06 01 05 05 07 03 02 30 .......+.......0
0710: 12 06 03 55 1d 13 01 01 ff 04 08 30 06 01 01 ff ...U.......0....
0720: 02 01 00 30 34 06 08 2b 06 01 05 05 07 01 01 04 ...04..+........
0730: 28 30 26 30 24 06 08 2b 06 01 05 05 07 30 01 86 (0&0$..+.....0..
0740: 18 68 74 74 70 3a 2f 2f 6f 63 73 70 2e 64 69 67 .http://ocsp.dig
0750: 69 63 65 72 74 2e 63 6f 6d 30 3a 06 03 55 1d 1f icert.com0:..U..
0760: 04 33 30 31 30 2f a0 2d a0 2b 86 29 68 74 74 70 .3010/.-.+.)http
0770: 3a 2f 2f 63 72 6c 33 2e 64 69 67 69 63 65 72 74 ://crl3.digicert
0780: 2e 63 6f 6d 2f 4f 6d 6e 69 72 6f 6f 74 32 30 32 .com/Omniroot202
0790: 35 2e 63 72 6c 30 6d 06 03 55 1d 20 04 66 30 64 5.crl0m..U. .f0d
07a0: 30 37 06 09 60 86 48 01 86 fd 6c 01 01 30 2a 30 07..`.H...l..0*0
07b0: 28 06 08 2b 06 01 05 05 07 02 01 16 1c 68 74 74 (..+.........htt
07c0: 70 73 3a 2f 2f 77 77 77 2e 64 69 67 69 63 65 72 ps://www.digicer
07d0: 74 2e 63 6f 6d 2f 43 50 53 30 0b 06 09 60 86 48 t.com/CPS0...`.H
07e0: 01 86 fd 6c 01 02 30 08 06 06 67 81 0c 01 02 01 ...l..0...g.....
07f0: 30 08 06 06 67 81 0c 01 02 02 30 08 06 06 67 81 0...g.....0...g.
0800: 0c 01 02 03 30 0d 06 09 2a 86 48 86 f7 0d 01 01 ....0...*.H.....
0810: 0b 05 00 03 82 01 01 00 05 24 1d dd 1b b0 2a eb .........$....*.
0820: 98 d6 85 e3 39 4d 5e 6b 57 9d 82 57 fc eb e8 31 ....9M^kW..W...1
0830: a2 57 90 65 05 be 16 44 38 5a 77 02 b9 cf 10 42 .W.e...D8Zw....B
0840: c6 e1 92 a4 e3 45 27 f8 00 47 2c 68 a8 56 99 53 .....E'..G,h.V.S
0850: 54 8f ad 9e 40 c1 d0 0f b6 d7 0d 0b 38 48 6c 50 T...@.......8HlP
0860: 2c 49 90 06 5b 64 1d 8b cc 48 30 2e de 08 e2 9b ,I..[d...H0.....
0870: 49 22 c0 92 0c 11 5e 96 92 94 d5 fc 20 dc 56 6c I"....^..... .Vl
0880: e5 92 93 bf 7a 1c c0 37 e3 85 49 15 fa 2b e1 74 ....z..7..I..+.t
0890: 39 18 0f b7 da f3 a2 57 58 60 4f cc 8e 94 00 fc 9......WX`O.....
08a0: 46 7b 34 31 3e 4d 47 82 81 3a cb f4 89 5d 0e ef F{41>MG..:...]..
08b0: 4d 0d 6e 9c 1b 82 24 dd 32 25 5d 11 78 51 10 3d M.n...$.2%].xQ.=
08c0: a0 35 23 04 2f 65 6f 9c c1 d1 43 d7 d0 1e f3 31 .5#./eo...C....1
08d0: 67 59 27 dd 6b d2 75 09 93 11 24 24 14 cf 29 be gY'.k.u...$$..).
08e0: e6 23 c3 b8 8f 72 3f e9 07 c8 24 44 53 7a b3 b9 .#...r?...$DSz..
08f0: 61 65 a1 4c 0e c6 48 00 c9 75 63 05 87 70 45 52 ae.L..H..uc..pER
0900: 83 d3 95 9d 45 ea f0 e8 31 1d 7e 09 1f 0a fe 3e ....E...1.~....>
0910: dd aa 3c 5e 74 d2 ac b1                         ..<^t...
<= Recv SSL data, 5 bytes (0x5)
0000: 16 03 03 00 94                                  .....
== Info: TLSv1.2 (IN), TLS handshake, Server key exchange (12):
<= Recv SSL data, 148 bytes (0x94)
0000: 0c 00 00 90 03 00 17 41 04 77 58 3f af cc ca ee .......A.wX?....
0010: 02 cf f4 a1 a9 f3 e9 f1 3a 23 b1 18 08 72 51 f0 ........:#...rQ.
0020: 00 59 f2 2a 7d 77 86 b7 00 5d ab 59 8e 75 7c 81 .Y.*}w...].Y.u|.
0030: 59 28 76 a2 63 12 58 42 76 1a 35 85 27 e6 35 03 Y(v.c.XBv.5.'.5.
0040: eb 86 76 6a 50 9b 7c f9 83 04 03 00 47 30 45 02 ..vjP.|.....G0E.
0050: 21 00 84 4a 70 0d 97 d0 92 84 98 a5 b1 c2 55 bb !..Jp.........U.
0060: e6 0c bc f4 03 fa 76 2c 18 63 21 d7 c6 df 9e ac ......v,.c!.....
0070: 9a 95 02 20 20 e7 f7 82 33 50 e5 ce 9e 1e 23 bb ...  ...3P....#.
0080: 70 da bf 70 e0 5a c2 19 e8 6f 89 96 07 b8 ac 53 p..p.Z...o.....S
0090: ab 66 c7 0b                                     .f..
<= Recv SSL data, 5 bytes (0x5)
0000: 16 03 03 00 04                                  .....
== Info: TLSv1.2 (IN), TLS handshake, Server finished (14):
<= Recv SSL data, 4 bytes (0x4)
0000: 0e 00 00 00                                     ....
=> Send SSL data, 5 bytes (0x5)
0000: 16 03 03 00 46                                  ....F
== Info: TLSv1.2 (OUT), TLS handshake, Client key exchange (16):
=> Send SSL data, 70 bytes (0x46)
0000: 10 00 00 42 41 04 1d f3 49 1e 83 dc d7 17 4f 83 ...BA...I.....O.
0010: 73 46 84 24 81 b0 0f 11 99 09 90 12 29 46 b7 3f sF.$........)F.?
0020: 23 c6 31 8f 52 d6 0d 2c 1f f9 4c d6 94 77 06 45 #.1.R..,..L..w.E
0030: c2 8a 5a dc 2e 66 6d 85 44 bc cb 2c b1 1c 4c 5c ..Z..fm.D..,..L\
0040: 6b aa fe 24 19 d4                               k..$..
=> Send SSL data, 5 bytes (0x5)
0000: 14 03 03 00 01                                  .....
== Info: TLSv1.2 (OUT), TLS change cipher, Client hello (1):
=> Send SSL data, 1 bytes (0x1)
0000: 01                                              .
=> Send SSL data, 5 bytes (0x5)
0000: 16 03 03 00 28                                  ....(
== Info: TLSv1.2 (OUT), TLS handshake, Finished (20):
=> Send SSL data, 16 bytes (0x10)
0000: 14 00 00 0c b5 b7 59 ac 18 b8 e2 6d ee a3 47 f2 ......Y....m..G.
<= Recv SSL data, 5 bytes (0x5)
0000: 14 03 03 00 01                                  .....
== Info: TLSv1.2 (IN), TLS change cipher, Client hello (1):
<= Recv SSL data, 1 bytes (0x1)
0000: 01                                              .
<= Recv SSL data, 5 bytes (0x5)
0000: 16 03 03 00 28                                  ....(
== Info: TLSv1.2 (IN), TLS handshake, Finished (20):
<= Recv SSL data, 16 bytes (0x10)
0000: 14 00 00 0c 2e 6d 80 0e dd 46 8d c8 ef 80 7b c9 .....m...F....{.
== Info: SSL connection using TLSv1.2 / ECDHE-ECDSA-AES128-GCM-SHA256
== Info: ALPN, server accepted to use h2
== Info: Server certificate:
== Info:  subject: C=US; ST=California; L=San Francisco; O=Cloudflare, Inc.; CN=sni.cloudflaressl.com
== Info:  start date: May 13 00:00:00 2022 GMT
== Info:  expire date: May 13 23:59:59 2023 GMT
== Info:  subjectAltName: host "18comic.vip" matched cert's "18comic.vip"
== Info:  issuer: C=US; O=Cloudflare, Inc.; CN=Cloudflare Inc ECC CA-3
== Info:  SSL certificate verify ok.
== Info: Using HTTP2, server supports multi-use
== Info: Connection state changed (HTTP/2 confirmed)
== Info: Copying HTTP/2 data in stream buffer to connection buffer after upgrade: len=0
=> Send SSL data, 5 bytes (0x5)
0000: 17 03 03 00 30                                  ....0
=> Send SSL data, 5 bytes (0x5)
0000: 17 03 03 00 33                                  ....3
=> Send SSL data, 5 bytes (0x5)
0000: 17 03 03 00 25                                  ....%
== Info: Using Stream ID: 1 (easy handle 0x4d7630)
=> Send SSL data, 5 bytes (0x5)
0000: 17 03 03 02 04                                  .....
=> Send header, 714 bytes (0x2ca)
0000: 47 45 54 20 2f 20 48 54 54 50 2f 32 0d 0a 48 6f GET / HTTP/2..Ho
0010: 73 74 3a 20 31 38 63 6f 6d 69 63 2e 76 69 70 0d st: 18comic.vip.
0020: 0a 41 63 63 65 70 74 2d 45 6e 63 6f 64 69 6e 67 .Accept-Encoding
0030: 3a 20 64 65 66 6c 61 74 65 2c 20 67 7a 69 70 0d : deflate, gzip.
0040: 0a 61 75 74 68 6f 72 69 74 79 3a 20 31 38 63 6f .authority: 18co
0050: 6d 69 63 2e 76 69 70 0d 0a 61 63 63 65 70 74 3a mic.vip..accept:
0060: 20 74 65 78 74 2f 68 74 6d 6c 2c 61 70 70 6c 69  text/html,appli
0070: 63 61 74 69 6f 6e 2f 78 68 74 6d 6c 2b 78 6d 6c cation/xhtml+xml
0080: 2c 61 70 70 6c 69 63 61 74 69 6f 6e 2f 78 6d 6c ,application/xml
0090: 3b 71 3d 30 2e 39 2c 69 6d 61 67 65 2f 61 76 69 ;q=0.9,image/avi
00a0: 66 2c 69 6d 61 67 65 2f 77 65 62 70 2c 69 6d 61 f,image/webp,ima
00b0: 67 65 2f 61 70 6e 67 2c 2a 2f 2a 3b 71 3d 30 2e ge/apng,*/*;q=0.
00c0: 38 2c 61 70 70 6c 69 63 61 74 69 6f 6e 2f 73 69 8,application/si
00d0: 67 6e 65 64 2d 65 78 63 68 61 6e 67 65 3b 76 3d gned-exchange;v=
00e0: 62 33 3b 71 3d 30 2e 39 0d 0a 61 63 63 65 70 74 b3;q=0.9..accept
00f0: 2d 6c 61 6e 67 75 61 67 65 3a 20 65 6e 0d 0a 73 -language: en..s
0100: 65 63 2d 63 68 2d 75 61 3a 20 22 2f 4e 6f 74 29 ec-ch-ua: "/Not)
0110: 41 3b 42 72 61 6e 64 22 3b 76 3d 22 32 34 22 2c A;Brand";v="24",
0120: 20 22 43 68 72 6f 6d 69 75 6d 22 3b 76 3d 22 31  "Chromium";v="1
0130: 30 34 22 0d 0a 63 6f 6f 6b 69 65 3a 20 69 70 63 04"..cookie: ipc
0140: 6f 75 6e 74 72 79 3d 47 42 3b 20 69 70 6d 35 3d ountry=GB; ipm5=
0150: 61 30 39 36 61 63 37 62 31 36 35 61 34 38 31 62 a096ac7b165a481b
0160: 32 36 35 31 31 37 37 33 34 30 61 34 32 35 66 37 2651177340a425f7
0170: 3b 20 41 56 53 3d 75 64 6c 38 35 34 71 64 67 63 ; AVS=udl854qdgc
0180: 62 76 61 70 6c 73 72 65 68 63 6c 31 68 61 32 69 bvaplsrehcl1ha2i
0190: 3b 20 73 68 75 6e 74 3d 31 0d 0a 73 65 63 2d 63 ; shunt=1..sec-c
01a0: 68 2d 75 61 2d 6d 6f 62 69 6c 65 3a 20 3f 30 0d h-ua-mobile: ?0.
01b0: 0a 73 65 63 2d 63 68 2d 75 61 2d 70 6c 61 74 66 .sec-ch-ua-platf
01c0: 6f 72 6d 3a 20 22 57 69 6e 64 6f 77 73 22 0d 0a orm: "Windows"..
01d0: 73 65 63 2d 66 65 74 63 68 2d 64 65 73 74 3a 20 sec-fetch-dest: 
01e0: 64 6f 63 75 6d 65 6e 74 0d 0a 73 65 63 2d 66 65 document..sec-fe
01f0: 74 63 68 2d 6d 6f 64 65 3a 20 6e 61 76 69 67 61 tch-mode: naviga
0200: 74 65 0d 0a 73 65 63 2d 66 65 74 63 68 2d 73 69 te..sec-fetch-si
0210: 74 65 3a 20 6e 6f 6e 65 0d 0a 73 65 63 2d 66 65 te: none..sec-fe
0220: 74 63 68 2d 75 73 65 72 3a 20 3f 31 0d 0a 75 70 tch-user: ?1..up
0230: 67 72 61 64 65 2d 69 6e 73 65 63 75 72 65 2d 72 grade-insecure-r
0240: 65 71 75 65 73 74 73 3a 20 31 0d 0a 75 73 65 72 equests: 1..user
0250: 2d 61 67 65 6e 74 3a 20 4d 6f 7a 69 6c 6c 61 2f -agent: Mozilla/
0260: 35 2e 30 20 28 57 69 6e 64 6f 77 73 20 4e 54 20 5.0 (Windows NT 
0270: 36 2e 31 3b 20 57 69 6e 36 34 3b 20 78 36 34 29 6.1; Win64; x64)
0280: 20 41 70 70 6c 65 57 65 62 4b 69 74 2f 35 33 37  AppleWebKit/537
0290: 2e 33 36 20 28 4b 48 54 4d 4c 2c 20 6c 69 6b 65 .36 (KHTML, like
02a0: 20 47 65 63 6b 6f 29 20 43 68 72 6f 6d 65 2f 31  Gecko) Chrome/1
02b0: 30 34 2e 30 2e 30 2e 30 20 53 61 66 61 72 69 2f 04.0.0.0 Safari/
02c0: 35 33 37 2e 33 36 0d 0a 0d 0a                   537.36....
<= Recv SSL data, 5 bytes (0x5)
0000: 17 03 03 00 40                                  ....@
== Info: Connection state changed (MAX_CONCURRENT_STREAMS updated)!
=> Send SSL data, 5 bytes (0x5)
0000: 17 03 03 00 21                                  ....!
<= Recv SSL data, 5 bytes (0x5)
0000: 17 03 03 00 21                                  ....!
<= Recv SSL data, 5 bytes (0x5)
0000: 17 03 03 05 71                                  ....q
<= Recv header, 13 bytes (0xd)
0000: 48 54 54 50 2f 32 20 34 30 33 20 0d 0a          HTTP/2 403 ..
<= Recv header, 37 bytes (0x25)
0000: 64 61 74 65 3a 20 53 75 6e 2c 20 30 35 20 4a 75 date: Sun, 05 Ju
0010: 6e 20 32 30 32 32 20 31 34 3a 31 30 3a 35 38 20 n 2022 14:10:58 
0020: 47 4d 54 0d 0a                                  GMT..
<= Recv header, 40 bytes (0x28)
0000: 63 6f 6e 74 65 6e 74 2d 74 79 70 65 3a 20 74 65 content-type: te
0010: 78 74 2f 68 74 6d 6c 3b 20 63 68 61 72 73 65 74 xt/html; charset
0020: 3d 55 54 46 2d 38 0d 0a                         =UTF-8..
<= Recv header, 18 bytes (0x12)
0000: 63 66 2d 63 68 6c 2d 62 79 70 61 73 73 3a 20 31 cf-chl-bypass: 1
0010: 0d 0a                                           ..
<= Recv header, 284 bytes (0x11c)
0000: 70 65 72 6d 69 73 73 69 6f 6e 73 2d 70 6f 6c 69 permissions-poli
0010: 63 79 3a 20 61 63 63 65 6c 65 72 6f 6d 65 74 65 cy: acceleromete
0020: 72 3d 28 29 2c 61 75 74 6f 70 6c 61 79 3d 28 29 r=(),autoplay=()
0030: 2c 63 61 6d 65 72 61 3d 28 29 2c 63 6c 69 70 62 ,camera=(),clipb
0040: 6f 61 72 64 2d 72 65 61 64 3d 28 29 2c 63 6c 69 oard-read=(),cli
0050: 70 62 6f 61 72 64 2d 77 72 69 74 65 3d 28 29 2c pboard-write=(),
0060: 66 75 6c 6c 73 63 72 65 65 6e 3d 28 29 2c 67 65 fullscreen=(),ge
0070: 6f 6c 6f 63 61 74 69 6f 6e 3d 28 29 2c 67 79 72 olocation=(),gyr
0080: 6f 73 63 6f 70 65 3d 28 29 2c 68 69 64 3d 28 29 oscope=(),hid=()
0090: 2c 69 6e 74 65 72 65 73 74 2d 63 6f 68 6f 72 74 ,interest-cohort
00a0: 3d 28 29 2c 6d 61 67 6e 65 74 6f 6d 65 74 65 72 =(),magnetometer
00b0: 3d 28 29 2c 6d 69 63 72 6f 70 68 6f 6e 65 3d 28 =(),microphone=(
00c0: 29 2c 70 61 79 6d 65 6e 74 3d 28 29 2c 70 75 62 ),payment=(),pub
00d0: 6c 69 63 6b 65 79 2d 63 72 65 64 65 6e 74 69 61 lickey-credentia
00e0: 6c 73 2d 67 65 74 3d 28 29 2c 73 63 72 65 65 6e ls-get=(),screen
00f0: 2d 77 61 6b 65 2d 6c 6f 63 6b 3d 28 29 2c 73 65 -wake-lock=(),se
0100: 72 69 61 6c 3d 28 29 2c 73 79 6e 63 2d 78 68 72 rial=(),sync-xhr
0110: 3d 28 29 2c 75 73 62 3d 28 29 0d 0a             =(),usb=()..
<= Recv header, 99 bytes (0x63)
0000: 63 61 63 68 65 2d 63 6f 6e 74 72 6f 6c 3a 20 70 cache-control: p
0010: 72 69 76 61 74 65 2c 20 6d 61 78 2d 61 67 65 3d rivate, max-age=
0020: 30 2c 20 6e 6f 2d 73 74 6f 72 65 2c 20 6e 6f 2d 0, no-store, no-
0030: 63 61 63 68 65 2c 20 6d 75 73 74 2d 72 65 76 61 cache, must-reva
0040: 6c 69 64 61 74 65 2c 20 70 6f 73 74 2d 63 68 65 lidate, post-che
0050: 63 6b 3d 30 2c 20 70 72 65 2d 63 68 65 63 6b 3d ck=0, pre-check=
0060: 30 0d 0a                                        0..
<= Recv header, 40 bytes (0x28)
0000: 65 78 70 69 72 65 73 3a 20 54 68 75 2c 20 30 31 expires: Thu, 01
0010: 20 4a 61 6e 20 31 39 37 30 20 30 30 3a 30 30 3a  Jan 1970 00:00:
0020: 30 31 20 47 4d 54 0d 0a                         01 GMT..
<= Recv header, 29 bytes (0x1d)
0000: 78 2d 66 72 61 6d 65 2d 6f 70 74 69 6f 6e 73 3a x-frame-options:
0010: 20 53 41 4d 45 4f 52 49 47 49 4e 0d 0a           SAMEORIGIN..
<= Recv header, 100 bytes (0x64)
0000: 65 78 70 65 63 74 2d 63 74 3a 20 6d 61 78 2d 61 expect-ct: max-a
0010: 67 65 3d 36 30 34 38 30 30 2c 20 72 65 70 6f 72 ge=604800, repor
0020: 74 2d 75 72 69 3d 22 68 74 74 70 73 3a 2f 2f 72 t-uri="https://r
0030: 65 70 6f 72 74 2d 75 72 69 2e 63 6c 6f 75 64 66 eport-uri.cloudf
0040: 6c 61 72 65 2e 63 6f 6d 2f 63 64 6e 2d 63 67 69 lare.com/cdn-cgi
0050: 2f 62 65 61 63 6f 6e 2f 65 78 70 65 63 74 2d 63 /beacon/expect-c
0060: 74 22 0d 0a                                     t"..
<= Recv header, 23 bytes (0x17)
0000: 76 61 72 79 3a 20 41 63 63 65 70 74 2d 45 6e 63 vary: Accept-Enc
0010: 6f 64 69 6e 67 0d 0a                            oding..
<= Recv header, 20 bytes (0x14)
0000: 73 65 72 76 65 72 3a 20 63 6c 6f 75 64 66 6c 61 server: cloudfla
0010: 72 65 0d 0a                                     re..
<= Recv header, 30 bytes (0x1e)
0000: 63 66 2d 72 61 79 3a 20 37 31 36 39 37 65 61 64 cf-ray: 71697ead
0010: 37 38 63 34 30 31 66 34 2d 5a 52 48 0d 0a       78c401f4-ZRH..
<= Recv header, 24 bytes (0x18)
0000: 63 6f 6e 74 65 6e 74 2d 65 6e 63 6f 64 69 6e 67 content-encoding
0010: 3a 20 67 7a 69 70 0d 0a                         : gzip..
<= Recv header, 2 bytes (0x2)
0000: 0d 0a                                           ..
<= Recv data, 832 bytes (0x340)
0000: 1f 8b 08 00 00 00 00 00 00 03 c5 7b 6b 73 e2 b8 ...........{ks..
0010: d2 f0 f7 f9 15 5a b6 9e 93 a4 18 02 e6 6a 32 49 .....Z.......j2I
0020: f6 05 73 bf 1a 30 17 73 9e ad 94 6c cb b6 f0 45 ..s..0.s...l...E
0030: 46 96 6d cc 9c f9 ef 6f 99 4b 02 49 66 76 f7 ad F.m....o.K.Ifv..
0040: 53 f5 7e 99 89 a5 56 ab bb d5 2d f5 8d c7 df 1a S.~...V...-.....
0050: 63 41 92 c5 26 30 99 63 3f 7f 79 fc 2d 93 f9 37 cA..&0.c?y.-..7
0060: d6 81 cd 40 b7 09 2a 7f 3e 83 c7 64 02 a8 36 f4 ...@..*>..d..6.
0070: fd a7 94 4b 32 1b 1f 60 54 06 c4 d6 30 4a 01 1b ...K2..`T...0J..
0080: ba c6 53 0a b9 99 f9 2c f5 0c 1e 7f fb 37 72 35 ..S....,....7r5
0090: ac ff 99 c9 bc a1 3a e1 01 e0 73 54 95 7f 86 8a ......:...sT...
00a0: ff 05 2a fe 1f a0 32 d8 09 5b 32 f0 19 97 1f b1 ..*...2..[2.....
00b0: 64 32 d7 98 4c 04 b5 e7 2f 5f 1e 19 66 36 7a 16 d2..L.../_..f6z.
00c0: 6d 04 7d 04 96 10 b3 fb fb 7b f0 1f 20 d8 24 d0 m.}......{.. .$.
00d0: 74 1b 52 f4 98 3d 82 7c 01 e0 cb a3 83 18 04 aa t.R..=.|........
00e0: 09 a9 8f d8 53 6a 2e b5 32 7c 0a 64 9f 4f 13 26 ....Sj..2|.d.O.&
00f0: 63 5e 06 6d 03 1c 3e a5 04 e2 32 e4 b2 8c 14 7b c^.m..>...2....{
0100: 28 05 d4 e3 d7 53 8a a1 1d cb 26 e4 7e 7b 45 f3 (....S....&.~{E.
0110: 2b 2c ab cc bc 96 11 88 e3 41 86 15 fb 12 51 b7 +,.......A....Q.
0120: f9 d4 d4 0c 74 b1 ce 85 0e 7a 4a 51 a2 10 e6 5f ....t....zJQ..._
0130: 00 ba 04 bb 1a da 7d 05 2e d1 89 6d 93 e8 c3 92 ......}....m....
0140: 10 a3 c8 23 94 5d 2c 8a b0 c6 cc 27 0d 85 58 45 ...#.],....'..XE
0150: 99 c3 c7 57 ec 62 86 a1 9d f1 55 68 a3 27 ee 88 ...W.b....Uh.'..
0160: c5 c6 ae 05 28 b2 9f 52 3e 8b 6d e4 9b 08 b1 14 ....(..R>.m.....
0170: c0 da 53 4a d5 5f 8e 43 19 d5 f7 53 c0 a4 48 7f ..SJ._.C...S..H
0180: 4a 65 55 cd cd a8 06 ce 1e a7 b2 aa 7e 8f 28 25 JeU.........~.(%
0190: d4 bf 3f 00 65 df ab 70 f5 cf e7 9f 6f 71 f3 b6 ..?.e..p....oq..
01a0: 05 46 c9 2e 37 7f b9 0b 46 e7 8d ae 95 e1 00 f8 .F..7..F.......
01b0: ac 10 2d fe ee 40 6a 60 f7 21 f7 cd 83 9a 86 5d ..-..@j`.!.....]
01c0: e3 21 f7 e3 f1 88 e8 f9 cb 97 0b 05 44 09 7d 5c .!..........D.}\
01d0: ee a4 82 5f 1e 7d 95 62 8f 25 5a 82 75 70 fb 9b ..._.}.b.%Z.up..
01e0: 0b 43 6c 40 46 e8 bd 4a 88 85 51 d3 85 8a 8d b4 .Cl@F..J..Q.....
01f0: 3b f0 fd 4b 62 01 11 76 35 12 dd 43 4d 6b 86 c8 ;..Kb..v5..CMk..
0200: 65 03 ec 33 e4 22 7a 7b d3 18 0f 4f 9a 33 20 50 e..3."z{...O.3 P
0210: 43 da cd 57 a0 07 ae ca 30 71 c1 ed 79 35 00 21 C..W....0q..y5.!
0220: a4 e0 84 d8 06 4f 40 23 6a e0 20 97 dd 1b 88 35 .....O@#j. ....5
0230: 6d 94 fc 59 8f bb da ed cd 11 26 03 6d 44 d9 cd m..Y......&.mD..
0240: dd b7 d3 ea f3 ca fb 03 5f f7 1a f6 3d 1b c6 e0 ........_...=...
0250: 09 dc 28 36 51 ad 9b 23 dc 8f bb 2f 00 fc f8 f2 ..(6Q..#.../....
0260: 98 3d b3 f6 c1 88 be 1c e0 2e 58 07 20 9b 7d fc .=........X. .}.
0270: ed df 42 a3 26 d5 fe 7d f8 be 3d 53 7f 7b 77 a6 ..B.&..}..=S{w.
0280: fd c4 fb 8b aa bf a8 a6 fd 42 3c f6 74 9e 02 40 .........B<.t..@
0290: 0d bb da 03 48 e5 53 5f df 86 12 13 7a 00 29 07 ....H.S_....z.).
02a0: ba d0 40 da e5 cc 88 04 ae 9a cc f1 b9 1c 57 be ..@...........W.
02b0: 9c 99 c2 f8 01 a4 2a 5c b9 5a 41 50 ab f0 6a 31 ......*\.ZAP..j1
02c0: c7 e9 c5 4b 88 0e f4 cd 07 90 2a 54 0a 28 8f 94 ...K......*T.(..
02d0: 42 49 85 05 85 e3 2e 21 e6 e2 b0 21 59 0f 20 f5 BI.....!...!Y. .
02e0: bf d9 3f 5e ce e4 32 eb a9 d3 da ce 03 65 ed 8f ..?^..2......e..
02f0: 8a d4 e7 b9 d8 6e c0 fe 5a 50 d7 f5 f1 24 5a 0f .....n..ZP...$Z.
0300: 67 05 55 9d f7 09 89 f7 4c 26 51 86 2b 97 8a c5 g.U.....L&Q.+...
0310: 02 9f 2f f1 99 5c c6 80 a3 58 6d ef 47 f5 97 dc ../..\...Xm.G...
0320: e5 3e 2d 71 19 3e 80 94 71 c5 b3 84 1d 34 f4 1f .>-q.>..q....4..
0330: 40 8a cb e5 ae a0 07 ec 01 a4 dc 2b 5e b7 0f e0 @..........+^...
<= Recv SSL data, 5 bytes (0x5)
0000: 17 03 03 05 71                                  ....q
<= Recv data, 1369 bytes (0x559)
0000: 4d 82 00 d0 e0 01 a4 60 67 9a 53 3b c3 f2 20 e6 M......`g.S;.. .
0010: 77 e3 f6 28 54 96 f6 66 e0 ae 3d 55 e0 9f 2e 16 w..(T..f..=U....
0020: 03 40 e1 03 48 49 cb 6a 19 2e 77 be 3c e3 b9 c1 .@..HI.j..w.<...
0030: a6 66 f4 5b 9a a7 38 d3 50 2b 0c 0d c9 9e 18 23 .f.[..8.P+.....#
0040: 5c dc 8d e3 fa 0a 2e 8b f9 51 c3 37 50 43 ce f5 \........Q.7PC..
0050: 67 f5 ba da a9 fb eb 85 66 cb 16 f3 34 81 e7 86 g.......f...4...
0060: 7b 35 18 ee 65 a3 df 64 dd 45 93 1b 0e 84 ba 0f {5..e..d.E......
0070: 97 cc ee 36 35 5b ce b3 b0 3f ab 37 60 a7 17 2a ...65[...?.7`..*
0080: cb 79 38 94 6a b9 c1 a6 16 0c 85 62 d4 6d 8d cc .y8.j......b.m..
0090: b5 d3 8a e1 ec 15 c7 3b 2a 9d 07 90 9a e6 16 f3 .......;*.......
00a0: ab d1 44 55 0a de b6 c8 42 2c 4c 38 47 f1 b9 b1 ..DU....B,L8G...
00b0: bf 51 ab e2 32 62 53 c5 a9 69 cb e2 6e 84 4a f3 .Q..2bS..i..n.J.
00c0: 4e 87 fa 6e 43 6a 06 5d 26 44 91 ba ea 4a 5a 31 N..nCj.]&D...JZ1
00d0: 0d c3 ca d6 dc b7 67 bd 65 b0 ed d7 a5 9e 91 67 ......g.e......g
00e0: 96 12 6f e6 fa 36 bf 5c b5 4a be bf 32 d7 35 8f ..o..6.\.J..2.5.
00f0: 3a d5 b8 18 cc 67 75 c6 f1 b2 14 16 a7 d9 7d 67 :....gu.......}g
0100: 26 af 55 2f 6f fb b3 f1 60 38 6c 86 44 2a 93 06 &.U/o...`8l.D*..
0110: 4e 1b c8 e4 ea e1 a0 22 f4 f8 25 3f e1 03 81 14 N......"..%?....
0120: 86 d2 94 f3 78 bf 25 70 c5 42 95 63 72 5d 6d a1 ....x.%p.B.cr]m.
0130: fc 62 39 53 1c 73 33 1b a8 51 76 dc 0a 05 7e 52 .b9S.s3..Qv...~R
0140: c9 1b 13 ce ef fb 9d 29 33 24 52 69 66 65 c9 cd .......)3$Rife..
0150: fb dc 88 5b 17 86 c3 0d 5c ea b4 14 c1 01 32 69 ...[....\.....2i
0160: 2b 2c 85 d5 ea bc 11 6e ab 58 5b d1 46 b1 6b 93 +,.....n.X[.F.k.
0170: b8 a5 8f 0d d9 2a ec c7 fe 60 5c 82 63 ae bb 8e .....*...`\.c...
0180: 55 21 db ab b6 89 bb 97 95 5c 54 9f f6 50 da 12 U!.......\T..P..
0190: a2 76 cd de d7 a7 25 b9 16 4c b8 29 6f 90 66 e0 .v....%..L.)o.f.
01a0: 2e c4 79 55 96 d6 3b 69 95 f3 58 97 d3 e3 3d c4 ..yU..;i..X...=.
01b0: 05 61 ee e5 7b e1 72 aa 42 67 c7 79 de ce 82 f6 .a..{.r.Bg.y....
01c0: 20 30 e9 b4 b0 f0 69 47 41 db 6e 19 0f 17 41 a9  0....iGA.n...A.
01d0: 65 0c a6 85 75 34 65 25 a9 e4 0c 55 47 5d 4d b6 e...u4e%...UG]M.
01e0: bc b7 68 ec 5a 7e 23 cc aa 2b d1 91 a3 dc 56 dc ..h.Z~#..+....V.
01f0: e5 d2 93 09 5c 2f cc a8 2b b9 8d e1 66 87 f2 a1 ....\/..+...f...
0200: c2 db 69 4c b4 6e a5 eb f6 e3 ca 7c ee 74 aa a2 ..iL.n.....|.t..
0210: df 2a 4f f1 66 c4 4f c3 6d 8e 9f d5 ab 7c b7 d3 .*O.f.O.m....|..
0220: 9c f6 cb c1 42 ee c2 82 48 ed f2 4c 29 cc e6 a2 ....B...H..L)...
0230: 37 15 d2 d5 3e 9c f6 36 83 7a 01 42 81 a2 dc 84 7...>..6.z.B....
0240: a5 51 db 6a 4a 52 9b 0e 6b 5b 8e 2c a4 ca aa d0 .Q.jJR..k[.,....
0250: 51 76 e6 b2 85 72 9b 8e 5f 9b 89 ce 98 0b ca cd Qv...r.._.......
0260: b5 35 de 73 71 63 30 a8 f9 da 20 5c 2e dc 0e 5a .5.sqc0... \...Z
0270: f0 d0 db 38 0b 79 9c 1e 8d 5c 61 5a 2d ec 14 7e ...8.y...\aZ-..~
0280: 2d 69 98 df c7 3b 6b 95 af b7 7a d2 02 95 28 c9 -i...;k...z...(.
0290: 4d 46 db 7d ab 62 cd 6d 99 34 eb cb 61 b8 66 4b MF.}.b.m.4..a.fK
02a0: 71 d4 5c 13 a5 9c 1b 9b 0e 73 96 72 a7 34 2a f6 q.\......s.r.4*.
02b0: 60 b8 99 37 47 7a 39 9d 35 cd 5d 2e 1c b5 2b c1 `..7Gz9.5.]...+.
02c0: 6a 54 5a d8 b4 18 ba b5 48 ae 75 1b dd 61 77 17 jTZ.....H.u..aw.
02d0: f2 f2 a2 8c fa fc 84 0c ba cd c6 95 42 27 b6 3d ............B'.=
02e0: 94 64 6e d4 98 ec c7 8d 2e 37 16 8a c5 61 43 8e .dn......7...aC.
02f0: 86 8d da b5 3d 24 e6 50 b5 e5 b4 ba 16 07 8e 45 ....=$.P.......E
0300: d6 a3 9a 31 e7 57 d0 b0 bc 75 db d3 a5 40 12 5d ...1.W...u...@.]
0310: a3 b5 ee 97 37 fd 60 24 f5 ac eb c5 98 7b 00 a9 ....7.`$.....{..
0320: 89 ee 0c 56 3c df 64 4e ba 97 33 b9 60 5a 2a f4 ...V<.dN..3.`Z*.
0330: eb 93 a7 77 90 f9 07 90 5a 88 6d 69 62 ca 95 75 ...w....Z.mib..u
0340: bc 1b ce c4 42 c9 4d 1b 56 cf 78 07 b9 4f 2e 53 ....B.M.V.x..O.S
0350: 49 e4 17 9d 7e 8f 59 eb ac 1f b2 4e 3d ee ad 58 I...~.Y....N=..X
0360: 3c 59 66 15 a9 48 c7 05 47 ae 6f 95 25 3f e5 d7 <Yf..H..G.o.%?..
0370: b4 fb 8e 9d 20 59 5d 59 09 b9 60 43 1c 5e ee 10 .... Y]Y..`C.^..
0380: ab ef ef 3b ee 24 6e 60 8e 3a 89 10 2a 5d d9 70 ...;.$n`.:..*].p
0390: 0d 3c ea 58 62 7a fd 6e b5 99 ac 9e f6 8a 06 d7 .<.Xbz.n........
03a0: f4 84 c9 7e a8 e4 46 78 b7 15 ab 0e d9 ec f8 91 ...~..Fx........
03b0: d8 99 74 08 b7 f7 24 21 6a f5 57 0e 9c 34 2f 57 ..t...$!j.W..4/W
03c0: ff 38 fd f5 e3 f4 e8 dd de 9d 9e c9 6c f6 cf 3f .8..........l..?
03d0: 8f 6f da db 0b 78 f6 14 be 00 f0 bb aa 67 22 0a .o...x.......g".
03e0: 3d 0f 51 f0 bb ef 61 d7 45 14 7c 3f b8 4a 0f e5 =.Q...a.E.|?.J..
03f0: aa b7 fb 06 4e 9e 04 00 30 60 e4 db 8f f7 6b 54 ....N...0`....kT
0400: 3d e3 1d bc ce 4c 04 31 fb 9e 38 86 19 68 63 c3 =....L.1..8..hc.
0410: 7d 50 91 cb 10 4d 16 dc 43 c6 28 56 82 c3 f3 7f }P...M..C.(V...
0420: 72 4d 32 8c 78 0f a0 90 f7 76 07 9c f7 4a a0 28 rM2.x....v...J.(
0430: 36 f2 c1 77 a0 40 d5 32 28 09 5c 2d a3 12 9b d0 6..w.@.2(.\-....
0440: 07 f0 bb 5e e2 f3 f9 dc 37 70 a4 2b 9f 4b e8 32 ...^....7p.+.K.2
0450: 11 36 4c f6 00 8e 5f 27 2a 13 74 40 21 54 43 34 .6L..._'*.t@!TC4
0460: 43 a1 86 03 ff 81 cb e5 fe e7 1b 38 39 07 0f d8 C..........89...
0470: b5 b1 8b 32 07 07 e1 1b f8 c8 8d 09 6d 1b b9 06 ...2........m...
0480: ca e8 84 3a e0 3b 38 b9 4f 07 6a f3 a5 04 fb 79 ...:.;8.O.j....y
0490: 44 21 8c 11 e7 34 78 46 64 aa d0 63 aa 09 33 89 D!...4xFd..c..3.
04a0: 0b 0a f1 41 98 e0 83 4c be fd 02 1c eb 14 3a 08 ...A...L......:.
04b0: 7c 7f a5 18 5c 91 9c ac fc 3f 16 8a 0f 50 3e d0 |..\....?...P>.
04c0: a1 86 e8 e1 e0 bf 83 dc ff 80 ef c4 83 2a 66 f1 .............*f.
04d0: 03 c8 dd e7 bf fd 00 a5 ab 31 ee 3e f7 ed 07 48 .........1.>...H
04e0: e4 f1 01 f0 b3 63 7d 3b 91 4b 75 38 10 90 89 90 .....c};.Ku8....
04f0: 62 61 96 79 4f c8 7f 87 88 f3 c6 cf 97 5a 01 5d ba.yO.......Z.]
0500: ec c0 44 81 1e 4e 7b 71 f7 65 1f 60 57 4f 1c 7a ..D..N{q.e.`WO.z
0510: f4 ed e7 6b 1f 5c 66 66 54 13 db da 6d fe ee 12 ...k.\ffT...m...
0520: 51 46 43 07 f9 de e7 fd bf b7 bc f0 f9 f2 62 b2 QFC...........b.
0530: fc d5 b9 7e cc 1e 43 b2 c7 c4 0d 4f 2c ec 51 c3 ...~..C....O,.Q.
0540: e1 29 94 38 8b 37 75 32 c8 64 e6 14 ee a9 fa d1 .).8.7u2.d......
0550: bb 05 e7 3f 32 07 5f 3f f9                      ...?2._?.
<= Recv SSL data, 5 bytes (0x5)
0000: 17 03 03 05 71                                  ....q
<= Recv data, 1369 bytes (0x559)
0000: 3c 39 bf 87 ef 53 50 72 e1 0e a7 80 06 19 cc 30 <9...SPr.......0
0010: 0a 5d df 86 0c 25 c1 62 e2 a3 bf 1c 81 fc d4 39 .]...%.b.......9
0020: 28 3c 0e 9f 9c 66 ff fe 31 ab e1 f0 82 8e 13 85 (<...f..1.......
0030: 87 5d 32 1a 62 10 db 49 f8 f5 4a dd d5 c4 3b 46 .]2.b..I..J...;F
0040: 3e b0 72 56 a3 44 c5 d1 e1 b4 5e 31 90 10 d1 24 >.rV.D....^1...$
0050: 52 7b 5d fa 7a 85 3d 9a dc 07 5e 4e ce f2 cb ab R{].z.=...^N....
0060: 5d be 24 f8 12 7b 78 e5 2b 3a 06 bb 8f 59 93 7b ].$..{x.+:...Y.{
0070: be c0 95 bf 20 c7 0f 94 b7 65 8f be 07 dd 5f 6c .... ....e...._l
0080: 84 54 0b bb c6 8b e3 1b a9 e7 25 02 90 22 70 1e .T........%.."p.
0090: 04 31 09 28 50 28 89 7c 44 0f 7b 26 b8 9e 01 c7 .1.(P(.|D.{&....
00a0: ab c4 c1 ea 7d 88 bd c7 ac 99 7f c7 d9 85 a4 df ....}..........
00b0: c6 ae e5 e5 a3 63 68 94 c8 0b 1b a6 9d dc 6c 87 .....ch.......l.
00c0: a3 7f 7f 3d a4 2e 58 fc 54 e4 17 00 1f 40 54 62 .=..X.T....@Tb
00d0: 07 8e eb 03 16 91 2b b0 9f 00 be 83 b9 fa f8 b0 ......+.........
00e0: e4 95 ec 0c 76 43 44 7d 94 90 9f dc a1 19 9f 41 ....vCD}.......A
00f0: d5 42 da 3b 6c 07 14 87 3b f6 8c e3 fa e6 3d 9d .B.;l...;.....=.
0100: c7 e1 e3 a4 f4 57 00 29 00 0f 22 7b 4a 5d 04 35 .....W.).."{J].5
0110: fa 7f 2d ac 01 0e 62 26 d1 9e 52 e2 78 26 a5 00 .-...b&..R.x&..
0120: 72 55 16 7b e8 29 05 3d cf c6 ea c1 fe b3 bb 4c rU.{.).=.......L
0130: 14 45 47 1e 03 6a 23 57 25 da 2b 9b 67 93 ba b9 .EG..j#W%.+.g...
0140: 7e 1e 6f ae ec 25 99 3f 3d b9 37 ef ce f5 64 8d ~.o..%.?=.7...d.
0150: a7 3b e8 17 a7 f5 0a 71 a5 65 ff 7d b8 ab cf eb .;.....q.e.}....
0160: 0f ef 83 31 1d 39 7e 49 38 3e 67 51 32 27 46 2f ...1.9~I8>gQ2'F/
0170: a5 f1 6a c2 3e 83 ae 06 94 f8 2b 88 4c 6c 23 10 ..j.>.....+.Ll#.
0180: fd 95 d9 79 bf d8 9c 22 0d d3 c4 9e 5c e3 c3 e6 ...y..."....\...
0190: 57 73 87 0b fb 29 75 7e 67 5d 92 dc 0e d3 37 88 Ws...)u~g]....7.
01a0: 77 3b 9d 79 7e c4 ae 17 30 70 d4 07 13 6b 1a 72 w;.y~...0p...k.r
01b0: 53 a7 0c 94 a3 a5 40 08 ed 00 3d a5 76 c5 41 80 S.....@...=.v.A.
01c0: 0a 15 a6 62 7b f9 62 e4 e6 7c 50 da 75 cc 97 75 ...b{.b..|P.u..u
01d0: 11 e3 dd bc a9 75 4a d5 3e 9b f0 08 8f 9a ef b4 .....uJ.>.......
01e0: b0 36 9b 0a 1b b7 bc 1b b6 db e3 c1 cc 56 5f 86 .6...........V_.
01f0: 5e b9 51 28 8c e7 7d e3 65 39 a8 59 73 7e 3a 56 ^.Q(..}.e9.Ys~:V
0200: 6c c7 9b ee f3 e1 a4 b5 69 8d 3b 7b 8a eb 5d b7 l.......i.;{..].
0210: bd 20 02 f1 ab e5 45 bf 29 ed 7b 15 57 a4 6c c9 . ....E.).{.W.l.
0220: 97 9c 80 96 d5 7a 69 bd d2 5e b8 5e 5d 1c 30 95 .....zi..^.^].0.
0230: 2b 95 6b d5 98 b7 6c 4f 81 8d 99 55 b3 c3 4c 00 +.k...lO...U..L.
0240: 9b 12 3f b5 5b 6e d8 6e 6b 83 15 d9 93 d5 bc 3c ..?.[n.nk......<
0250: 44 85 75 7e 30 36 0a d3 c1 68 ae c0 b8 bd 54 cb D.u~06...h....T.
0260: 31 9a d4 d0 9c 1b 20 d1 1f 93 28 13 b7 a8 42 e5 1..... ...(...B.
0270: c5 a6 32 9a 73 76 6d b7 1f 95 45 af d2 1e 0a cb ..2.svm...E.....
0280: 70 1e c4 4a 77 e4 af 5b 7e 67 02 db f3 b9 54 c8 p..Jw..[~g....T.
0290: 57 dc 46 73 37 69 84 9d 59 ac 56 3b 45 9f 61 79 W.Fs7i..Y.V;E.ay
02a0: c2 d4 71 b3 2b da d1 8a eb ee 33 78 14 fa a8 3c ..q.+.....3x...<
02b0: 95 83 e2 56 ce a1 69 c0 91 e9 8c 06 2b 15 b9 d5 ...V..i.....+...
02c0: 46 b3 3b d3 b7 7a e6 a5 db b7 e4 29 82 db 8d 3c F.;..z.....)...<
02d0: dd 16 ba bd 8d 98 9f 76 fd 56 d8 9f f8 6a 21 2f .......v.V...j!/
02e0: 59 f3 70 b8 5a 94 f8 fa b8 c1 e4 95 a4 20 a3 2b Y.p.Z........ .+
02f0: c9 d3 2e 9c 8e 9a 85 22 1e 16 c4 50 e9 e1 5d 6f ......."...P..]o
0300: 54 1b b7 74 09 36 b7 95 4e e8 b0 dd a0 b3 87 ab T..t.6..N.......
0310: 16 6a 0e 0c 25 e6 1d bb 5f 37 fa 3d 83 88 5c 88 .j..%..._7.=..\.
0320: 6c 54 a9 8d 14 bc 72 87 85 e1 70 54 25 75 3e c4 lT....r...pT%u>.
0330: b9 86 28 86 b2 d1 18 e8 38 ee ef b9 17 5d 6a 4c ..(.....8....]jL
0340: 07 bd f5 70 68 98 fc 62 37 5d 54 d6 e5 78 39 1d ...ph..b7]T..x9.
0350: b4 f6 a3 a9 13 fa 2d 35 28 18 d4 aa c8 c5 81 c1 ......-5(.......
0360: 7b f1 a4 b3 41 0d ab 4a 56 76 e8 12 c8 ba b3 79 {...A..JVv.....y
0370: b0 19 97 04 ae b1 69 ad 8d 55 a1 ed 96 2a b9 d1 ......i..U...*..
0380: 74 ef 42 4f aa bc 8c bb 8d d6 78 2b 8d f1 a2 c5 t.BO......x+....
0390: 8d 1a 21 ee f9 b6 3c 2b fa e1 72 ad 1b 56 2e de ..!...<+..r..V..
03a0: cb 75 89 ed 87 95 50 08 2a 66 66 3a 73 3b 5b d8 .u....P.*ff:s;[.
03b0: 28 2f e4 72 67 37 2b fa fb 98 4a c4 f3 67 32 b7 (/.rg7+...J..g2.
03c0: 92 9c d1 a2 29 ac b6 6a 54 ca e4 60 6f 38 5a 78 ....)..jT..`o8Zx
03d0: 02 36 3b 39 77 d4 57 f8 50 98 77 f1 b2 cb 30 4f .6;9w.W.P.w...0O
03e0: fc 78 dc 5f eb fb 97 17 be c7 0d 05 be 1a fb 4e .x._...........N
03f0: dc 40 5d a3 6e c1 d1 bc 54 cd 9b ae 4d 5b 35 83 .@].n...T...M[5.
0400: 43 6d 23 b2 5b ab 48 94 17 73 5a ae fb 1c e5 e7 Cm#.[.H..sZ.....
0410: 86 51 85 8a b8 eb d8 72 58 9b 96 aa e3 8d cf b7 .Q.....rX.......
0420: fb 9a 69 92 7c c6 96 59 b7 6e 54 d4 4c cb d7 8a ..i.|..Y.nT.L...
0430: 83 86 b4 9d 16 25 0b 35 63 b8 ab 14 fb be 4d fb .....%.5c.....M.
0440: bb cc 36 ac 8a c3 b6 32 1b 72 b3 69 60 e0 72 69 ..6....2.r.i`.ri
0450: 4a 96 8b 6a bd b9 9c 35 16 b1 cb 88 e7 35 1a b9 J..j...5.....5..
0460: a5 d8 b7 fc 9c 5e 88 77 b9 39 c6 4b 6b 5b 95 62 .....^.w.9.Kk[.b
0470: 5c d6 03 cf ef 84 9d e5 a2 eb 6e e1 c0 18 19 b5 \.........n.....
0480: 1d 5c 54 32 9b a0 ec 09 7a 61 bd da ae e0 b4 8c .\T2....za......
0490: b7 96 53 71 26 56 ac c7 b6 5f 7b 59 bb c6 74 5a ..Sq&V..._{Y..tZ
04a0: 08 46 a4 de a6 d5 e1 50 ca 8d c3 95 50 97 9d 42 .F.....P....P..B
04b0: 26 ee f2 a5 ee 31 b1 fc 4b 3b a7 af 66 1e eb fd &....1..K;..f...
04c0: 97 a9 13 b4 48 a9 be 18 8c 47 13 0e 95 b9 7a 45 ....H....G....zE
04d0: 9c d5 94 55 ae d2 69 56 16 68 d4 d6 07 b3 41 8d ...U..iV.h....A.
04e0: d5 de 9b b9 15 ac 5d af 82 d6 61 ce 90 5a 1c 57 ......]...a..Z.W
04f0: c7 5d 3a 55 9a 82 95 e5 da 8b 70 bd d9 6e b2 8d .]:U......p..n..
0500: 92 b6 4b 37 b2 83 09 2c 44 71 de aa ad 96 c3 2c ..K7...,Dq.....,
0510: ee 57 1a 51 ad 98 5d 95 a9 97 55 71 a9 39 ec 07 .W.Q..]...Uq.9..
0520: 72 6e bc 5f ce cd fe 60 b8 59 c2 a2 a5 ef 6b 78 rn._...`.Y....kx
0530: d0 48 f7 fd 7c 8d b5 9b 3a 93 5c d8 9b a8 fd c2 .H..|...:.\.....
0540: 42 e3 e5 e2 84 a5 d5 de ae 54 52 fd e9 96 ae c2 B........TR.....
0550: c1 66 d1 b2 50 5d 16 16 5c                      .f..P]..\
<= Recv SSL data, 5 bytes (0x5)
0000: 17 03 03 05 71                                  ....q
<= Recv data, 1369 bytes (0x559)
0000: 85 c7 f6 72 e4 f6 5c 3c 37 d4 6e 57 57 66 41 3e ...r..\<7.nWWfA>
0010: bd d4 44 be 55 9b c4 c3 45 cd 58 8a b5 76 67 b7 ..D.U...E.X..vg.
0020: 2a ef ca 30 12 9a ce 56 69 ef d8 90 84 eb ce d0 *..0...Vi.......
0030: 59 88 a8 d7 df 36 4b 63 d1 86 51 79 13 8b 3a ef Y....6Kc..Qy..:.
0040: cf 06 f5 f9 20 ab 8e 4c 5b 9a 6c fb ea a2 56 89 .... ..L[.l...V.
0050: 79 ad b5 2c bb 03 d2 df d4 4b ab f6 72 d4 9b 16 y..,.....K..r...
0060: 28 d5 62 e6 6c 86 12 6f ac db 45 a9 5f dc 09 b0 (.b.l..o..E._...
0070: dd ab b4 8a f5 78 10 b5 0b 62 20 f7 db cc 60 e3 .....x...b ...`.
0080: 09 5f 74 f7 f3 a6 e9 1b 2b 63 cd 2b 1d b6 c1 75 ._t.....+c.+...u
0090: 06 0b c5 25 1e 21 52 56 5a 5b b5 89 25 b3 6f b7 ...%.!RVZ[..%.o.
00a0: 34 bd 55 64 83 ea dc 70 36 8b 78 26 a5 63 af de 4.Ud...p6.x&.c..
00b0: 1a 18 ce 88 37 2a 33 b6 2e 66 8b 8e d9 e4 39 68 ....7*3..f....9h
00c0: b4 75 51 6e ac 19 8b 82 6c bc c9 ee 46 fd f2 d2 .uQn....l...F...
00d0: 69 9b 3a 26 e2 6a a1 8c 1c df e8 85 2b 19 4b 85 i.:&.j......+.K.
00e0: a0 bf d5 1b 1d 1c d9 65 23 9e b7 a5 b9 12 5a 4d .......e#.....ZM
00f0: df 2d e7 e4 79 a1 db 5f a8 ed ad d2 90 8a ae 9b .-..y.._........
0100: 8b 8a 83 c0 19 49 32 92 6d ba e3 e7 e1 5c dc d5 .....I2.m....\..
0110: 9a 45 04 75 63 2f d6 d7 54 ae 88 fe 76 1c 8c fb .E.uc/..T...v...
0120: 65 49 a8 8a 53 d5 5e fb f2 3c 80 e5 f2 64 90 df eI..S.^..<...d..
0130: aa 79 21 0e cb 33 69 af 89 92 38 6f 8f d7 05 1a .y!..3i...8o....
0140: 15 5c b1 30 1f 0d 83 41 d0 68 74 56 35 23 a8 39 .\.0...A.htV5#.9
0150: 93 72 65 d5 2f e6 4d 4f aa 6a 3d 6e 46 07 ed bd .re./.MO.j=nF...
0160: da c0 d3 a6 b5 5e b4 b7 bd 1d 1f c9 ab 4d 9a 4c .....^.......M.L
0170: 17 e9 5d b6 37 c8 cd dc 76 b0 5e d9 e9 a9 28 aa ..].7...v.^...(.
0180: 58 ed ad c7 e6 b4 43 5b f2 ac 6f 8c b6 de 38 1e X.....C[..o...8.
0190: b4 67 f5 09 13 b7 ed 52 4d aa 17 31 3f 6d cb 4e .g.....RM..1?m.N
01a0: b9 34 ee c5 9d a5 27 f3 f3 5d 75 3d 62 45 42 c3 .4....'..]u=bEB.
01b0: 6e b5 a0 41 67 55 ed 8b fa 8c a6 45 34 8b 27 25 n..AgU.....E4.'%
01c0: 4b c2 70 2b 68 3d 28 da fc a4 c4 4d 37 79 af 8d K.p+h=(....M7y..
01d0: 25 57 5a 23 47 9a b4 b7 b5 ec d2 2e e4 05 d2 59 %WZ#G..........Y
01e0: 78 85 b0 b1 82 fc 68 d7 53 f1 b4 cf e9 e9 5d 61 x.....h.S.....]a
01f0: d2 5c 2e 7a cb 42 13 8d 1b e5 da 38 bb 62 c3 dd .\.z.B.....8.b..
0200: 90 96 2b 8b 69 7a 92 2b 18 e9 0a eb af 78 d5 16 ..+.iz.+.....x..
0210: 96 1b 1a 2d ea 9e e6 40 52 d3 26 d5 91 60 44 04 ...-...@R.&..`D.
0220: 89 94 49 b9 ea 7e 9d d3 e4 98 a5 9b cb 4a 6e 30 ..I..~.......Jn0
0230: ea 87 f5 90 7a eb b9 d2 cc 61 12 96 da ab 61 a7 ....z....a....a.
0240: b4 b6 06 5d bb 05 65 4e 51 c6 85 d6 62 ae ae 3c ...]..eNQ...b..<
0250: 7e b2 e2 ed 3e 66 ee 8e 8e 04 2b 6f 94 70 5f b0 ~...>f....+o.p_.
0260: cc 1a cb fa aa 5c e7 9b bd 9d 9e 6e ad 72 c8 9f .....\.....n.r..
0270: 09 8d 68 54 ca d6 cd c2 ba df 59 10 23 bf 18 87 ..hT......Y.#...
0280: b8 d4 32 04 33 9b 43 46 c5 8f 22 bd b1 9e f5 67 ..2.3.CF.."....g
0290: a5 aa 56 30 70 b6 36 eb ad 88 94 6f fa 5d 79 e0 ..V0p.6....o.]y.
02a0: 74 fc 8d 57 74 f9 99 d9 ce 36 59 3b 18 b9 1d 63 t..Wt....6Y;...c
02b0: 55 6f f1 d4 cb ef d8 9c 63 15 3e de ca 7e 77 ec Uo......c.>..~w.
02c0: 64 83 5d b4 53 d2 ab a2 17 da a2 5b ea 6b 79 3b d.].S......[.ky;
02d0: 4e af 6a 46 53 49 2f d9 86 4e d8 30 d8 ed d3 d1 N.jFSI/..N.0....
02e0: b6 c8 e0 0a 6e e2 56 b9 a1 1a 95 82 a6 08 58 a8 ....n.V.......X.
02f0: 59 fe a2 32 a7 c5 81 5f 77 59 14 59 dd 3a ed a2 Y..2..._wY.Y.:..
0300: b6 68 97 fc 20 54 e3 45 af 3b 09 0b 82 90 0e 4c .h.. T.E.;.....L
0310: 9f f3 3a cc 80 db ed 56 0a ca 95 f5 3c 76 d1 6e ..:....V....<v.n
0320: 37 95 da dc ae 24 88 5d 6c 61 a8 48 f5 b6 8b f2 7....$.]la.H....
0330: 71 a1 a3 8f 84 99 37 59 70 a5 0a f3 67 a4 32 c0 q.....7Yp...g.2.
0340: b9 6d bb 19 91 9e 3e 5b 17 c3 c0 55 e4 81 89 8a .m....>[...U....
0350: 5a 87 55 82 6d 10 55 06 d1 78 de 84 3b b4 e8 40 Z.U.m.U..x..;..@
0360: 2f dc f4 2d bb 99 b5 36 6e 34 d8 16 d5 90 92 ac /..-...6n4......
0370: ca b5 46 7c 6e 39 29 a5 b7 c2 de c1 e9 7d ae d7 ..F|n9)......}..
0380: 81 52 3e 1e 86 33 a1 d7 b6 ba e3 45 af 62 0f a3 .R>..3.....E.b..
0390: f6 34 9c 8e 7c b3 5a a7 ce bc d5 63 a4 ab f5 72 .4..|.Z....c...r
03a0: 83 4a b8 42 ab 65 95 fa 3b e8 5b cb 85 b8 d9 43 .J.B.e..;.[....C
03b0: aa a2 21 91 0c db dc 2c b7 79 ae dc 9a 14 06 63 ..!....,.y.....c
03c0: 8a e5 ce 5a 1e 48 13 55 24 68 44 2b ac 52 9d ee ...Z.H.U$hD+.R..
03d0: c6 b8 b7 11 b0 20 38 41 18 29 7a 36 64 16 89 26 ..... 8A.)z6d..&
03e0: be b0 b1 55 2f d7 08 cc 56 75 cc 26 9e a8 59 dd ...U/...Vu.&..Y.
03f0: 6a 3d bb db b7 0b 74 bc 8c 9a fe ba e7 35 90 cc j=....t......5..
0400: 86 3e 37 28 a9 cd 1e 6b 70 96 2e d6 64 7e 46 f4 .>7(...kp...d~F.
0410: 78 26 09 69 9f d1 a1 25 ec 67 68 b5 c6 23 7f 64 x&.i...%.gh..#d
0420: 46 cd 2a 81 dd fe d0 b4 a1 bd 46 c4 f1 9a e3 15 F.*.......F.....
0430: b7 ad 6e 58 b6 ed 8c d1 be 3b 86 8e 3f 8f 89 18 ..nX.....;..?...
0440: 49 4c ec d5 d4 51 db ca 69 bd 8a 5b 5b f6 67 cd IL...Q..i..[[.g.
0450: ee 62 bf 70 3a 92 33 ed 07 b8 5e dc bb 42 83 37 .b.p:.3...^..B.7
0460: 06 9d 5c bc 6d 0f c3 29 b6 f7 41 36 5d 33 eb 3b ..\.m..)..A6]3.;
0470: b1 da a9 ab 4a a9 34 54 85 46 69 5a aa 06 dd 69 ....J.4T.FiZ...i
0480: d7 6a 35 a6 35 a1 5d 34 2a 22 6c bb 9d ca d8 d1 .j5.5.]4*"l.....
0490: dc f6 78 21 f6 b5 cd 50 37 b2 56 61 29 e4 fb 8d ..x!...P7.Va)...
04a0: 65 58 61 ce cc 49 cb 1b 6d 57 f3 e2 02 16 e5 58 eXa..I..mW.....X
04b0: 5c f1 aa 99 6d ba bc e0 d9 78 b3 14 2a c1 90 0e \...m....x..*...
04c0: 0c a1 54 14 38 67 20 0a 8b a1 4f d2 43 2b dd 90 ..T.8g ...O.C+..
04d0: 37 e1 22 9a c1 da b2 dd 88 3b 65 df db ad 6b e3 7."......;e...k.
04e0: f4 08 b7 c7 55 6f 38 75 e2 42 c7 59 4f 9a e9 8e ....Uo8u.B.YO...
04f0: 68 52 79 60 ba 9d 76 9c 2d d8 75 bb a0 79 4b ae hRy`..v.-.u..yK.
0500: dd 0d d8 6e 55 e9 d6 1b c5 fc 26 56 72 85 28 87 ...nU.....&Vr.(.
0510: 16 23 81 0c f6 11 a3 43 a8 53 a3 2c 59 c5 65 79 .#.....C.S.,Y.ey
0520: 9d 6b 98 fd 0a 9d 8b f1 3e 66 8b 88 9f d4 f2 d6 .k......>f......
0530: 60 92 13 4a 3b ce 77 86 7e 7d b6 aa cd 43 a7 c4 `..J;.w.~}...C..
0540: f5 8d 85 9c af cb 0b 7d d6 ca b5 26 ed 46 75 e6 .......}...&.Fu.
0550: 37 1b 62 7e e8 8d 04 b7 37                      7.b~....7
<= Recv SSL data, 5 bytes (0x5)
0000: 17 03 03 05 71                                  ....q
<= Recv data, 1369 bytes (0x559)
0000: c9 6f f2 7a 67 a5 28 ed a1 1e 2f 4c 73 38 63 93 .o.zg.(.../Ls8c.
0010: 9e 5c a1 dd 5e af 48 76 b2 96 1f 59 d3 56 d4 9e .\..^.Hv...Y.V..
0020: 54 44 3e 6b e7 b1 42 36 b5 b2 55 1d 55 b4 5a bf TD>k..B6..U.U.Z.
0030: b6 e8 8c 23 b4 f5 46 4b 8b db 4e 26 c3 ce ae 9c ...#..FK..N&....
0040: 6d 28 fa ca 4c cb 66 bb b9 d1 d9 aa 27 59 ab 5a m(..L.f.....'Y.Z
0050: 57 73 44 a5 db 4b c7 ac 90 cd d9 8a b9 51 57 a3 WsD..K.......QW.
0060: 50 db 36 04 a9 3f 35 e7 66 95 57 99 3b c4 b3 e8 P.6..?5.f.W.;...
0070: e9 29 f5 17 6e 42 a8 be fa 09 8a aa ab 7c 8e af .)..nB.......|..
0080: a8 7a 15 95 b8 02 d4 aa 8a c6 a9 55 4d af 16 aa .z.........UM...
0090: 7c b1 54 38 a2 72 c9 31 43 7b 0e 5b ce e1 bf 42 |.T8.r.1C{.[...B
00a0: 88 e5 40 6a 5d e6 63 ce 73 d8 d5 8f d1 fc 67 e9 ..@j].c.s.....g.
00b0: 13 16 50 f7 85 b8 2f 49 27 c1 29 dc 39 a6 54 7f ..P.../I'.).9.T
00c0: 57 b4 7c 31 5f fe f6 1a 82 25 90 a0 07 43 38 3b W.|1_....%...C8;
00d0: 52 40 5c 90 c4 64 14 d9 04 6a 80 99 08 78 d0 40 R@\..d...j...x.@
00e0: af 59 96 c7 ec 99 d6 77 29 24 97 9c f3 55 11 a4 .Y.....w)$...U..
00f0: ee 21 ce 3a d3 fc 6e f8 67 b4 9e f3 56 9f c7 67 .!.:..n.g...V..g
0100: 3f 8f fb 7e b6 fe 27 0c 9f d2 61 c2 11 fa 27 cc ?..~..'...a...'.
0110: 7a e7 cc f9 39 f6 7b e3 f9 7d 85 38 29 65 43 f0 z...9.{..}.8)eC.
0120: 04 de 0a c5 e0 3b a3 f1 77 8a 0e a2 fd ed b7 9f .....;..w.......
0130: d4 ca 7f 00 15 32 d5 bc 45 77 e0 15 96 fb 01 7e ....2..Ew.....~
0140: 9c 53 fb ca 25 4e e5 2b 50 ef c0 77 78 7b 07 fe .S..%N.+P..wx{..
0150: 78 ab 96 7f 28 bf a7 de 97 df 53 5f c1 71 e9 c3 x..(.....S_.q..
0160: c5 2a c6 a0 6a 1e 16 de a6 88 4b 11 d4 62 9f 41 .*..j.....K..b.A
0170: 86 54 13 ba 06 4a 96 dc fd 38 97 da 95 4f 0a e0 .T...J...8...O..
0180: 97 e5 7b ff d4 18 f0 74 fb b3 8e 81 3f 00 a3 01 ..{....t....?...
0190: 02 49 f6 d6 f6 d1 b7 57 1c 58 bf fd ed 1a c7 dd .I.....W.X......
01a0: 65 11 38 d9 62 fb ab d6 80 0f 0a 77 73 f7 6d fb e.8.b......ws.m.
01b0: eb 8e 80 ab 7a c9 a1 4c 72 2e 92 bc 95 48 2e 54 ....z..Lr....H.T
01c0: 9a 51 eb e5 64 6d 97 86 74 51 a6 c0 0e 34 d0 43 .Q..dm..tQ...4.C
01d0: 40 ed db 9b d7 a6 8d c3 98 9f 65 14 aa 28 7b 5a @.........e..({Z
01e0: 9e 75 c9 c6 cf 9a d9 83 d6 7a 90 1e f8 c1 fa 1f .u.......z......
01f0: 14 c6 4f ef 6b fc 37 77 af 39 98 c7 6c 92 64 7a ..O.k.7w.9..l.dz
0200: a7 7f 7f ab 47 e1 28 3f ec 77 9b e0 09 64 6f 87 ..G.(?.w...do.
0210: b3 6e f3 3f 12 c5 1a 72 d9 ff 66 ff 93 34 de fc .n.?...r..f..4..
0220: 6f f6 2e 8b ef 19 f2 d9 ed 49 41 df 0e 30 f0 11 o........IA..0..
0230: ad 19 c8 65 77 df ae f0 31 6a 6d 7c f0 74 c4 fb ...ew...1jm|.t..
0240: 07 70 51 04 ba 09 b7 b7 57 fa a5 52 04 19 3a 9d .pQ.....W..R..:.
0250: d5 ed 0d 76 8c 9b 0b 3c 07 1c f7 3e 62 b5 53 69 ...v...<...>b.Si
0260: 08 dd a6 7c aa a6 be 82 d4 e7 22 3c 25 04 b3 1b ...|......"<%...
0270: ff 6f 89 2f f5 61 2f ac 81 27 70 38 cc 73 ae 77 .o./.a/..'p8.s.w
0280: e3 a7 7e 4d 10 b4 59 42 d0 25 ae 57 f6 92 f4 fe ..~M..YB.%.W....
0290: 7d 92 72 75 35 e1 50 1d 38 20 78 27 29 d5 23 4f }.ru5.P.8 x').#O
02a0: 3f 13 c8 f1 28 2f 65 a2 7a e4 fe f0 8e dc 1c da ?...(/e.z.......
02b0: ab 36 30 84 27 a0 6b 18 9f aa 17 dd 41 6f 79 51 .60.'.k.....AoyQ
02c0: cf 86 2c d1 94 ac 99 35 b2 84 aa 26 f2 19 85 ec ..,....5...&....
02d0: 4d 76 21 f7 b9 ac de d0 bf fe f1 b1 bb e5 5e 1d Mv!...........^.
02e0: 1b f3 a4 db 04 3c 01 9b 1c 73 a0 f7 e6 e1 fb e9 .....<...s......
02f0: 09 dc dc 80 7f fd eb 62 9c 22 fd fe d0 b0 35 d6 ......b."....5.
0300: 6f 6f 7e bf b9 03 bf 3d 3d 81 0c 07 fe 00 37 bf oo~....==.....7.
0310: df 80 87 6b 0c df fe 6a db 49 80 68 7c b9 af 8f ...k...j.I.h|...
0320: 20 55 7f be b3 6f 63 15 dd e6 be 82 cc 2f f8 b8  U..oc....../..
0330: 4f a4 c6 cc bb 37 3a ff b8 a2 f3 8f 2b 3a 8f 3b O....7:.....+:.;
0340: 5e de 5b e0 f6 33 e4 c7 6e 9b 84 a4 d3 ac 89 7d ^.[..3..n......}
0350: 46 68 fc 71 e4 9e 22 cf 86 2a 9a 25 97 ee 1d 78 Fh.q.."..*.%...x
0360: 7f eb 11 63 7e c9 b1 07 99 99 b8 15 20 fd 6b 21 ..c~....... .k!
0370: a5 7f 75 74 df 2e ab cd 9f 50 71 eb 06 b6 fd 15 .ut.....Pq.....
0380: 1c ff bd ea 17 a2 ec bf 97 5b ff 25 89 77 97 34 .........[.%.w.4
0390: 26 da 4e dc c3 ab 7c fd b2 5e e5 af ff 92 13 62 &.N...|..^.....b
03a0: cc af d0 fe f8 f8 0e 5c a8 fe 27 4f 8d 5f 8f 25 .......\..'O._.%
03b0: 68 8c a0 83 6e 6f 92 4a d2 cd dd bf 73 7f 5e 59 h...no.J....s^Y
03c0: bf ea 91 bb bf 55 7a 7f 5f 46 f9 24 1d 7f 1c fa .....Uz_F.$...
03d0: c7 05 9a 8f 55 25 95 22 e4 fa 26 61 9f 16 90 3e ....U%."..&a...>
03e0: 2d eb 24 6f 4c 52 1f 7b c3 e2 92 0b 44 c9 9b 74 -.$oLR.{....D..t
03f0: a8 79 fd 1a cb cf b9 fa e9 c0 67 05 86 bf 2c 96 .y........g...,.
0400: 7d 2c 7a fd cd 92 d7 df 91 67 52 43 7c ef 64 46 },z......gRC|.dF
0410: 66 fc ea 0b bc 95 14 97 66 0c 34 02 ba c0 84 21 f.......f.4....!
0420: 02 8c 00 95 38 9e 8d 18 02 10 08 35 51 12 3a b5 ....8......5Q.:.
0430: 3f 2e 0b 83 9f c8 ec 13 87 f6 72 af 63 dd 35 f5 ?.........r.c.5.
0440: 2c 1c 11 27 45 91 c4 4d 3d 21 07 1e 25 21 f2 93 ,..'E..M=!..%!..
0450: 3a c9 a1 70 02 81 19 38 f0 e8 c1 1b f8 3c c3 90 :..p...8.....<..
0460: e3 11 0a 69 0c a0 aa 22 df 4f 08 4d 90 44 48 49 ...i...".O.M.DHI
0470: 10 78 88 b2 f8 b2 e2 f1 b9 2e fe bf 4a 8e 22 9f .x..........J.".
0480: d8 21 fa 54 7a 90 01 15 ba a0 9b 08 91 11 e0 51 .!.Tz..........Q
0490: 94 78 a5 80 99 38 a9 f0 1f 88 d4 03 16 50 f4 99 .x...8.......P..
04a0: 14 ff 4a 8c ef 37 86 2e c3 21 a6 81 9f 7a ee ea ..J..7...!...z..
04b0: af 22 4b e2 1d e0 21 ea 13 17 da 49 03 b1 7b d4 ."K...!....I..{.
04c0: b2 af c0 c6 16 02 90 01 93 38 e8 eb 01 3e a1 95 .........8...>..
04d0: 06 89 78 41 82 2c 73 c0 06 fc 64 98 b8 c7 62 d5 ..xA.,s...d...b.
04e0: b1 e5 38 61 c6 81 16 02 7e 40 11 c0 0c 60 1f b8 ..8a....~@...`..
04f0: 84 25 5d 0b 48 65 48 03 11 66 26 70 a0 1d 41 7a .%].HeH..f&p..Az
0500: 0a 37 fe 29 37 2e 62 11 a1 d6 15 2f 90 25 a4 11 .7.)7.b..../.%..
0510: 5d 4f 48 20 14 f8 26 a4 48 03 27 d0 37 1e a0 6f ]OH ..&.H.'.7..o
0520: 1d 64 7b 9a 00 50 73 b0 8b 0f 3e 03 a1 09 ed 07 .d{..Ps...>.....
0530: 26 8f 8c 41 95 92 44 65 2e c0 ed c4 ed 76 0d a0 &..A..De.....v..
0540: 13 0a 1c ec ab c4 d5 b1 11 24 3b 11 fa c6 e2 51 .........$;....Q
0550: 12 fe 7b c5 fa 70 65 bc bf                      ..{..pe..
<= Recv SSL data, 5 bytes (0x5)
0000: 17 03 03 02 24                                  ....$
<= Recv data, 524 bytes (0x20c)
0000: 41 fe 9a 75 8f e2 10 aa f1 8b 07 7d 3f f5 0c 6a A..u.......}?..j
0010: 2e 61 26 a2 20 82 f1 a5 12 19 88 9d cc 05 fb 87 .a&. ...........
0020: b0 ee 5a a3 92 23 61 04 04 3e 02 e2 11 1f 10 a1 ..Z..#a..>......
0030: ef df 03 99 04 c0 81 31 70 11 d2 12 08 8d 44 c7 .......1p.....D.
0040: 87 28 a9 6e 27 d7 4f fe 3e 07 5c 12 01 9d 12 e7 .(.n'.O.>.\.....
0050: 80 f0 11 1e fb bb 5d 42 bc 24 0c 03 2e a1 48 47 ......]B.$....HG
0060: 94 22 7a 6e 1c 4f 7a e2 fd 87 6c 56 35 29 71 d0 ."zn.Oz...lV5)q.
0070: bd 41 88 61 a3 7b 95 38 d9 08 29 c9 23 86 b2 47 .A.a.{.8..).#..G
0080: 4b cf 9e 98 cb 24 cc 65 e1 c6 74 74 cd b0 f0 86 K....$.e..tt....
0090: a8 48 73 f4 0d 71 5d 6f a3 93 8d ad 61 82 4c 9c .Hs..q]o....a.L.
00a0: 7a 16 0e 08 c1 12 29 60 96 a0 79 cc c2 e7 8f 22 z.....)`..y...."
00b0: 7f 27 e5 7f 76 19 5f 9b db bb 6b e0 d8 db a1 13 '.v._...k.....
00c0: c2 8e bd 1e e7 06 90 28 93 2f e6 80 6d 3c 44 19 .......(./..m<D.
00d0: 3d b0 6d e0 c5 19 2e 07 7c e7 c1 8b 33 c5 c3 ff =.m.....|...3...
00e0: bb 0c 0f 9c 5d 26 69 2e 3b 36 4a 1d 5b a4 92 b9 ....]&i.;6J.[...
00f0: c3 a7 8d 74 76 ee e8 f2 89 8d b5 f3 47 ee fc c7 ...tv.......G...
0100: eb b4 41 61 9c 29 e4 72 c7 74 88 77 26 ef 80 86 ..Aa.).r.t.w&...
0110: 2b 9c 2b f3 ef 9e b7 23 cd 19 cc 90 93 ec 79 88 +.+....#......y.
0120: 13 93 3f 1c 25 c3 a5 9e df 7e 3f 01 a6 30 06 dd ..?.%....~?..0..
0130: c6 03 78 f4 19 25 ae 71 46 a1 13 97 65 7c e4 60 ..x..%.qF...e|.`
0140: 85 d8 5a ea f9 bd 6f 9d f4 05 25 e0 57 ef e6 4f ..Z...o...%.W..O
0150: 68 f0 91 07 8f b6 e7 3b 0f a7 54 d2 f3 bf 94 c0 h......;..T.....
0160: b6 bf fd 8d d5 3f e1 e0 00 fd 2c 27 97 52 57 3c .....?....,'.RW<
0170: a1 79 00 25 ee 9e af de 57 f9 7b be f0 ff 97 30 .y.%....W.{....0
0180: 11 d1 24 64 81 ae 8a c0 bf a0 e3 7d 03 3e 52 03 ..$d.......}.>R.
0190: 8a 59 0c 94 f8 dc 5f f3 0f 2c 2b 8a a2 7b f5 f5 .Y...._..,+..{..
01a0: d0 0e a6 55 da ed 4e fa 69 43 57 7b 6d 0b 50 28 ...U..N.iCW{m.P(
01b0: 74 b5 97 e4 67 19 29 c0 20 35 92 5f c2 bc 28 36 t...g.). 5._..(6
01c0: 74 ad cb 63 4f 0c e9 92 c7 43 92 c0 4b 62 f2 c4 t..cO....C..Kb..
01d0: 28 92 9f 12 80 ec fd 95 f6 5f fc a2 e0 35 6d f4 (........_...5m.
01e0: fa 8a 5e 04 f0 17 3e f0 f9 92 4b ae 95 27 f0 fd ..^...>...K..'..
01f0: e0 9e 1e 7e a7 73 e1 36 3e 66 8f 0d 65 8f d9 e3 ...~.s.6>f..e...
0200: 8f a4 fe 2f 86 00 c5 13 35 35 00 00             .../....55..
<= Recv SSL data, 5 bytes (0x5)
0000: 17 03 03 00 21                                  ....!
== Info: Connection #0 to host 127.0.0.1 left intact
